

<!DOCTYPE html>
<html>
<head>
<meta charset="UTF-8">
<meta name="viewport" content="width=device-width, initial-scale=1, shrink-to-fit=no">
<title>Extent</title>
<link rel="apple-touch-icon" href="https://cdn.jsdelivr.net/gh/extent-framework/extent-github-cdn@b00a2d0486596e73dd7326beacf352c639623a0e/commons/img/logo.png">
<link rel="shortcut icon" href="https://cdn.jsdelivr.net/gh/extent-framework/extent-github-cdn@b00a2d0486596e73dd7326beacf352c639623a0e/commons/img/logo.png">
<link href="https://cdn.jsdelivr.net/gh/extent-framework/extent-github-cdn@d6562a79075e061305ccfdb82f01e5e195e2d307/spark/css/spark-style.css" rel="stylesheet" />
<link href="https://stackpath.bootstrapcdn.com/font-awesome/4.7.0/css/font-awesome.min.css" rel="stylesheet">
<script src="https://cdn.jsdelivr.net/gh/extent-framework/extent-github-cdn@7cc78ce/spark/js/jsontree.js"></script>
<style type="text/css"></style></head><body class="spa bdd-report dark">
  <div class="app">
    <div class="layout">
<div class="header navbar">
<div class="vheader">
<div class="nav-logo">
<a href="#">
<div class="logo" style="background-image: url('https://cdn.jsdelivr.net/gh/extent-framework/extent-github-cdn@b00a2d0486596e73dd7326beacf352c639623a0e/commons/img/logo.png')"></div>
</a>
</div>
<ul class="nav-left">
<li class="search-box">
<a class="search-toggle" href="#">
<i class="search-icon fa fa-search"></i>
<i class="search-icon-close fa fa-close"></i>
</a>
</li>
<li class="search-input"><input id="search-tests" class="form-control" type="text" placeholder="Search..."></li>
</ul>
<ul class="nav-right">
<li class="m-r-10">
<a href="#"><span class="badge badge-primary">Grasshopper Report</span></a>
</li>
<li class="m-r-10">
<a href="#"><span class="badge badge-primary">May 2, 2023 09:53:44 AM</span></a>
</li>
</ul>
</div>
</div><div class="side-nav">
<div class="side-nav-inner">
<ul class="side-nav-menu">
<li class="nav-item dropdown" onclick="toggleView('test-view')">
<a id="nav-test" class="dropdown-toggle" href="#">
<span class="ico"><i class="fa fa-list"></i></span>
</a>
</li>
<li class="nav-item dropdown" onclick="toggleView('exception-view')">
<a id="nav-exception" class="dropdown-toggle" href="#">
<span class="ico"><i class="fa fa-bug"></i></span>
</a>
</li>
<li class="nav-item dropdown" onclick="toggleView('category-view')">
<a id="nav-category" class="dropdown-toggle" href="#">
<span class="ico"><i class="fa fa-tag"></i></span>
</a>
</li>
<li class="nav-item dropdown" onclick="toggleView('dashboard-view')">
<a id="nav-dashboard" class="dropdown-toggle" href="#">
<span class="ico"><i class="fa fa-bar-chart"></i></span>
</a>
</li>
</ul>
</div>
</div>      <div class="vcontainer">
        <div class="main-content">
<div class="test-wrapper row view test-view">
  <div class="test-list">
    <div class="test-list-tools">
<ul class="tools pull-left">
<li><a href="#"><span class="font-size-14">Tests</span></a></li>
</ul>
<ul class="tools text-right">
<li class="dropdown">
<a href="#" class="dropdown-toggle" data-toggle="dropdown"><i class="fa fa-exclamation-circle"></i></a>
<ul id="status-toggle" class="dropdown-menu dropdown-md p-v-0">
<a class="dropdown-item" status="pass" href="#"><span>Pass</span><span class="status success"></span></a>
<a class="dropdown-item" status="fail" href="#"><span>Fail</span><span class="status danger"></span></a>
<div class="dropdown-divider"></div>
<a status="clear" class="dropdown-item" href="#"><span>Clear</span><span class="pull-right"><i class="fa fa-close"></i></span></a>
</ul>
</li>
<li class="dropdown">
<a href="#" class="dropdown-toggle" data-toggle="dropdown"><i class="fa fa-tag"></i></a>
<ul id="tag-toggle" class="dropdown-menu dropdown-md p-v-0">
<a class="dropdown-item" href="#">@tag9</a><a class="dropdown-item" href="#">@tag6</a><a class="dropdown-item" href="#">@Question4</a><a class="dropdown-item" href="#">@tag8</a><a class="dropdown-item" href="#">@tag10</a><a class="dropdown-item" href="#">@Arrays</a><a class="dropdown-item" href="#">@tag7</a><a class="dropdown-item" href="#">@Question1</a><a class="dropdown-item" href="#">@Question2</a><a class="dropdown-item" href="#">@tag11</a><a class="dropdown-item" href="#">@Question3</a>
</ul>
</li>
</ul>
</div>    <div class="test-list-wrapper scrollable">
      <ul class="test-list-item">
        <li class="test-item"  status="pass" test-id="1"
          author=""
          tag=""
          device="">
          <div class="test-detail">
            <p class="name">user enter valid and invalid credentials for login</p>
            <p class="text-sm">
              <span>9:53:45 AM</span> / <span>00:00:22:160</span>
              <span class="badge pass-bg log float-right">Pass</span>
            </p>
          </div>
          <div class="test-contents d-none">
<div class="detail-head">
<div class="p-v-10">
<div class="info">
<h5 class="test-status text-pass">user enter valid and invalid credentials for login</h5>
<span class='badge badge-success'>05.02.2023 9:53:45 AM</span>
<span class='badge badge-danger'>05.02.2023 9:54:07 AM</span>
<span class='badge badge-default'>00:00:22:160</span>
&middot; <span class='uri-anchor badge badge-default'>#test-id=1</span>
<span class='badge badge-default pointer float-right ml-1 et'><i class="fa fa-chevron-down"></i></span>
<span class='badge badge-default pointer float-right ct'><i class="fa fa-chevron-up"></i></span>
</div>
<div class="m-t-10 m-l-5"></div>
</div>
</div>
<div class="accordion mt-4">
  <div class="card">
    <div class="card-header" role="tab">
      <div class="card-title">
        <div class="node" id="2"><span class="badge log pass-bg mr-2">Pass</span>User on login page and login with invalid and valid inputs from Excel "<Sheetname>" and</div>
      </div>
    </div>
        <div class="scenario_outline collapse">
            <div class="card-body l1">
              <div class="card-header">
                <div class="card-title outline-child">
                  <div class="node" id="3"><span class="badge log pass-bg mr-2">Pass</span>User on login page and login with invalid and valid inputs from Excel "Sheet1" and</div>
                </div>
              </div>
              <div class="card-body mt-3 collapse">
                  <div class="step pass-bg">
                    <span>Given The user is on signin page</span>
      <div>
      </div>
                  </div>
                  <div class="step pass-bg">
                    <span>When The user enter sheet "Sheet1" and 0</span>
      <div>
      </div>
                  </div>
                  <div class="step pass-bg">
                    <span>Then click login button</span>
      <div>
      </div>
                  </div>
              </div>
            </div>
            <div class="card-body l1">
              <div class="card-header">
                <div class="card-title outline-child">
                  <div class="node" id="10"><span class="badge log pass-bg mr-2">Pass</span>User on login page and login with invalid and valid inputs from Excel "Sheet1" and</div>
                </div>
              </div>
              <div class="card-body mt-3 collapse">
                  <div class="step pass-bg">
                    <span>Given The user is on signin page</span>
      <div>
      </div>
                  </div>
                  <div class="step pass-bg">
                    <span>When The user enter sheet "Sheet1" and 1</span>
      <div>
      </div>
                  </div>
                  <div class="step pass-bg">
                    <span>Then click login button</span>
      <div>
      </div>
                  </div>
              </div>
            </div>
            <div class="card-body l1">
              <div class="card-header">
                <div class="card-title outline-child">
                  <div class="node" id="17"><span class="badge log pass-bg mr-2">Pass</span>User on login page and login with invalid and valid inputs from Excel "Sheet1" and</div>
                </div>
              </div>
              <div class="card-body mt-3 collapse">
                  <div class="step pass-bg">
                    <span>Given The user is on signin page</span>
      <div>
      </div>
                  </div>
                  <div class="step pass-bg">
                    <span>When The user enter sheet "Sheet1" and 2</span>
      <div>
      </div>
                  </div>
                  <div class="step pass-bg">
                    <span>Then click login button</span>
      <div>
      </div>
                  </div>
              </div>
            </div>
            <div class="card-body l1">
              <div class="card-header">
                <div class="card-title outline-child">
                  <div class="node" id="24"><span class="badge log pass-bg mr-2">Pass</span>User on login page and login with invalid and valid inputs from Excel "Sheet1" and</div>
                </div>
              </div>
              <div class="card-body mt-3 collapse">
                  <div class="step pass-bg">
                    <span>Given The user is on signin page</span>
      <div>
      </div>
                  </div>
                  <div class="step pass-bg">
                    <span>When The user enter sheet "Sheet1" and 3</span>
      <div>
      </div>
                  </div>
                  <div class="step pass-bg">
                    <span>Then click login button</span>
      <div>
      </div>
                  </div>
              </div>
            </div>
        </div>
  </div>
</div>
          </div>
        </li>
        <li class="test-item"  status="fail" test-id="31"
          author=""
          tag=""
          device="">
          <div class="test-detail">
            <p class="name">Evaluate arrays module</p>
            <p class="text-sm">
              <span>9:54:07 AM</span> / <span>00:01:19:067</span>
              <span class="badge fail-bg log float-right">Fail</span>
            </p>
          </div>
          <div class="test-contents d-none">
<div class="detail-head">
<div class="p-v-10">
<div class="info">
<h5 class="test-status text-fail">Evaluate arrays module</h5>
<span class='badge badge-success'>05.02.2023 9:54:07 AM</span>
<span class='badge badge-danger'>05.02.2023 9:55:26 AM</span>
<span class='badge badge-default'>00:01:19:067</span>
&middot; <span class='uri-anchor badge badge-default'>#test-id=31</span>
<span class='badge badge-default pointer float-right ml-1 et'><i class="fa fa-chevron-down"></i></span>
<span class='badge badge-default pointer float-right ct'><i class="fa fa-chevron-up"></i></span>
</div>
<div class="m-t-10 m-l-5"></div>
</div>
</div>
<div class="accordion mt-4">
  <div class="card">
    <div class="card-header" role="tab">
      <div class="card-title">
        <div class="node" id="32"><span class="badge log pass-bg mr-2">Pass</span>The user is able to navigate to a page having Arrays in Python Topic</div>
      </div>
    </div>
        <div class="collapse">
          <div class="card-body">
              <div class="step pass-bg" title="stepdefinitions.arraySteps.user_click_on_get_started_button_on_array_module_and_navigate_to_array_page()">
                <span>Given User click on get started button on array module and navigate to array page</span>
      <div>
      </div>
              </div>
              <div class="step pass-bg" title="stepdefinitions.arraySteps.user_click_on_arrays_in_python_topic_and_navigate_to_arrays_in_python_page()">
                <span>When User click on Arrays in Python Topic and navigate to arrays in python page</span>
      <div>
      </div>
              </div>
          </div>
        </div>
  </div>
  <div class="card">
    <div class="card-header" role="tab">
      <div class="card-title">
        <div class="node" id="38"><span class="badge log fail-bg mr-2">Fail</span>User is able to navigate to tryeditor page and run valid python code</div>
          <div class="status-avatar float-right mr-4">
            <i class="fa fa-paperclip"></i>
          </div>
      </div>
    </div>
        <div class="scenario_outline ">
            <div class="card-body l1">
              <div class="card-header">
                <div class="card-title outline-child">
                  <div class="node" id="39"><span class="badge log fail-bg mr-2">Fail</span>User is able to navigate to tryeditor page and run valid python code</div>
                    <div class="status-avatar float-right">
                      <i class="fa fa-paperclip"></i>
                    </div>
                </div>
              </div>
              <div class="card-body mt-3 ">
                  <div class="step pass-bg">
                    <span>Given User click on Try here button on Arrays in Python page and navigate to try edidor page</span>
      <div>
      </div>
                  </div>
                  <div class="step fail-bg">
                    <span>When The user enter valid python code in tryEditor from sheet "Sheet1" and 0</span>
      <div>
        <textarea disabled class="code-block">java.lang.IllegalArgumentException: Keys to send should be a not null CharSequence
	at org.openqa.selenium.remote.RemoteWebElement.sendKeys(RemoteWebElement.java:98)
	at java.base/jdk.internal.reflect.DirectMethodHandleAccessor.invoke(DirectMethodHandleAccessor.java:104)
	at java.base/java.lang.reflect.Method.invoke(Method.java:578)
	at org.openqa.selenium.support.pagefactory.internal.LocatingElementHandler.invoke(LocatingElementHandler.java:52)
	at jdk.proxy2/jdk.proxy2.$Proxy43.sendKeys(Unknown Source)
	at PageObjects.Arrays.Txtarea(Arrays.java:65)
	at stepdefinitions.arraySteps.the_user_enter_valid_python_code_in_try_editor_from_sheet_and(arraySteps.java:72)
	at ✽.The user enter valid python code in tryEditor from sheet "Sheet1" and 0(file:///C:/Users/sange/eclipse-workspace/DS-ALGO109/src/test/resources/Features/5arrays.feature:12)
</textarea>
      
      </div>
                  </div>
                  <div class="step skip-bg">
                    <span>And User click on run button</span>
      <div>Step skipped
      </div>
                  </div>
                  <div class="step skip-bg">
                    <span>Then User should be presented with run result</span>
      <div>Step skipped
      </div>
                  </div>
                  <div class="step pass-bg">
                    <span>Allhooks.Hooks.tearDown(io.cucumber.java.Scenario)</span>
      <div>User is able to navigate to tryeditor page and run valid python code
          <div class="row mb-3"><div class="col-md-3">
<img data-featherlight='../ScreenShots/embedded1.png' src="../ScreenShots/embedded1.png">
    
    </div></div>
</div>
      <div>
      </div>
                  </div>
              </div>
            </div>
        </div>
  </div>
  <div class="card">
    <div class="card-header" role="tab">
      <div class="card-title">
        <div class="node" id="47"><span class="badge log fail-bg mr-2">Fail</span>User is able to navigate to tryeditor page and run invalid python code</div>
          <div class="status-avatar float-right mr-4">
            <i class="fa fa-paperclip"></i>
          </div>
      </div>
    </div>
        <div class="scenario_outline ">
            <div class="card-body l1">
              <div class="card-header">
                <div class="card-title outline-child">
                  <div class="node" id="48"><span class="badge log fail-bg mr-2">Fail</span>User is able to navigate to tryeditor page and run invalid python code</div>
                    <div class="status-avatar float-right">
                      <i class="fa fa-paperclip"></i>
                    </div>
                </div>
              </div>
              <div class="card-body mt-3 ">
                  <div class="step fail-bg">
                    <span>Given User click on Try here button on Arrays in Python page and navigate to try edidor page</span>
      <div>
        <textarea disabled class="code-block">org.openqa.selenium.NoSuchElementException: no such element: Unable to locate element: {"method":"xpath","selector":"//a[text()='Try here>>>']"}
  (Session info: chrome=112.0.5615.138)
For documentation on this error, please visit: https://selenium.dev/exceptions/#no_such_element
Build info: version: '4.8.3', revision: 'e5e76298c3'
System info: os.name: 'Windows 11', os.arch: 'amd64', os.version: '10.0', java.version: '19.0.2'
Driver info: org.openqa.selenium.chrome.ChromeDriver
Command: [c091e3438b055a32b30c9367a78f4bbe, findElement {using=xpath, value=//a[text()='Try here>>>']}]
Capabilities {acceptInsecureCerts: false, browserName: chrome, browserVersion: 112.0.5615.138, chrome: {chromedriverVersion: 112.0.5615.49 (bd2a7bcb881c..., userDataDir: C:\Users\sange\AppData\Loca...}, goog:chromeOptions: {debuggerAddress: localhost:50342}, networkConnectionEnabled: false, pageLoadStrategy: normal, platformName: WINDOWS, proxy: Proxy(), se:cdp: ws://localhost:50342/devtoo..., se:cdpVersion: 112.0.5615.138, setWindowRect: true, strictFileInteractability: false, timeouts: {implicit: 0, pageLoad: 300000, script: 30000}, unhandledPromptBehavior: dismiss and notify, webauthn:extension:credBlob: true, webauthn:extension:largeBlob: true, webauthn:extension:minPinLength: true, webauthn:extension:prf: true, webauthn:virtualAuthenticators: true}
Session ID: c091e3438b055a32b30c9367a78f4bbe
	at java.base/jdk.internal.reflect.DirectConstructorHandleAccessor.newInstance(DirectConstructorHandleAccessor.java:67)
	at java.base/java.lang.reflect.Constructor.newInstanceWithCaller(Constructor.java:500)
	at java.base/java.lang.reflect.Constructor.newInstance(Constructor.java:484)
	at org.openqa.selenium.remote.codec.w3c.W3CHttpResponseCodec.createException(W3CHttpResponseCodec.java:200)
	at org.openqa.selenium.remote.codec.w3c.W3CHttpResponseCodec.decode(W3CHttpResponseCodec.java:133)
	at org.openqa.selenium.remote.codec.w3c.W3CHttpResponseCodec.decode(W3CHttpResponseCodec.java:53)
	at org.openqa.selenium.remote.HttpCommandExecutor.execute(HttpCommandExecutor.java:193)
	at org.openqa.selenium.remote.service.DriverCommandExecutor.invokeExecute(DriverCommandExecutor.java:183)
	at org.openqa.selenium.remote.service.DriverCommandExecutor.execute(DriverCommandExecutor.java:158)
	at org.openqa.selenium.remote.RemoteWebDriver.execute(RemoteWebDriver.java:543)
	at org.openqa.selenium.remote.ElementLocation$ElementFinder$2.findElement(ElementLocation.java:162)
	at org.openqa.selenium.remote.ElementLocation.findElement(ElementLocation.java:60)
	at org.openqa.selenium.remote.RemoteWebDriver.findElement(RemoteWebDriver.java:352)
	at org.openqa.selenium.remote.RemoteWebDriver.findElement(RemoteWebDriver.java:344)
	at org.openqa.selenium.support.pagefactory.DefaultElementLocator.findElement(DefaultElementLocator.java:70)
	at org.openqa.selenium.support.pagefactory.internal.LocatingElementHandler.invoke(LocatingElementHandler.java:39)
	at jdk.proxy2/jdk.proxy2.$Proxy43.click(Unknown Source)
	at PageObjects.Arrays.TryHere(Arrays.java:60)
	at stepdefinitions.arraySteps.user_click_on_try_here_button_on_arrays_in_python_page(arraySteps.java:59)
	at ✽.User click on Try here button on Arrays in Python page and navigate to try edidor page(file:///C:/Users/sange/eclipse-workspace/DS-ALGO109/src/test/resources/Features/5arrays.feature:23)
</textarea>
      
      </div>
                  </div>
                  <div class="step skip-bg">
                    <span>When The user enter invalid python code in tryEditor from sheet "Sheet1" and 1</span>
      <div>Step skipped
      </div>
                  </div>
                  <div class="step skip-bg">
                    <span>And User click on run button</span>
      <div>Step skipped
      </div>
                  </div>
                  <div class="step skip-bg">
                    <span>Then User should get alert message</span>
      <div>Step skipped
      </div>
                  </div>
                  <div class="step pass-bg">
                    <span>Allhooks.Hooks.tearDown(io.cucumber.java.Scenario)</span>
      <div>User is able to navigate to tryeditor page and run invalid python code
          <div class="row mb-3"><div class="col-md-3">
<img data-featherlight='../ScreenShots/embedded2.png' src="../ScreenShots/embedded2.png">
    
    </div></div>
</div>
      <div>
      </div>
                  </div>
              </div>
            </div>
        </div>
  </div>
  <div class="card">
    <div class="card-header" role="tab">
      <div class="card-title">
        <div class="node" id="56"><span class="badge log fail-bg mr-2">Fail</span>User is able to navigate to tryeditor page and run valid python code</div>
          <div class="status-avatar float-right mr-4">
            <i class="fa fa-paperclip"></i>
          </div>
      </div>
    </div>
        <div class="scenario_outline ">
            <div class="card-body l1">
              <div class="card-header">
                <div class="card-title outline-child">
                  <div class="node" id="57"><span class="badge log fail-bg mr-2">Fail</span>User is able to navigate to tryeditor page and run valid python code</div>
                    <div class="status-avatar float-right">
                      <i class="fa fa-paperclip"></i>
                    </div>
                </div>
              </div>
              <div class="card-body mt-3 ">
                  <div class="step fail-bg">
                    <span>Given User click on Arrays Using List topic</span>
      <div>
        <textarea disabled class="code-block">org.openqa.selenium.NoSuchElementException: no such element: Unable to locate element: {"method":"link text","selector":"Arrays Using List"}
  (Session info: chrome=112.0.5615.138)
For documentation on this error, please visit: https://selenium.dev/exceptions/#no_such_element
Build info: version: '4.8.3', revision: 'e5e76298c3'
System info: os.name: 'Windows 11', os.arch: 'amd64', os.version: '10.0', java.version: '19.0.2'
Driver info: org.openqa.selenium.chrome.ChromeDriver
Command: [c091e3438b055a32b30c9367a78f4bbe, findElement {using=link text, value=Arrays Using List}]
Capabilities {acceptInsecureCerts: false, browserName: chrome, browserVersion: 112.0.5615.138, chrome: {chromedriverVersion: 112.0.5615.49 (bd2a7bcb881c..., userDataDir: C:\Users\sange\AppData\Loca...}, goog:chromeOptions: {debuggerAddress: localhost:50342}, networkConnectionEnabled: false, pageLoadStrategy: normal, platformName: WINDOWS, proxy: Proxy(), se:cdp: ws://localhost:50342/devtoo..., se:cdpVersion: 112.0.5615.138, setWindowRect: true, strictFileInteractability: false, timeouts: {implicit: 0, pageLoad: 300000, script: 30000}, unhandledPromptBehavior: dismiss and notify, webauthn:extension:credBlob: true, webauthn:extension:largeBlob: true, webauthn:extension:minPinLength: true, webauthn:extension:prf: true, webauthn:virtualAuthenticators: true}
Session ID: c091e3438b055a32b30c9367a78f4bbe
	at java.base/jdk.internal.reflect.DirectConstructorHandleAccessor.newInstance(DirectConstructorHandleAccessor.java:67)
	at java.base/java.lang.reflect.Constructor.newInstanceWithCaller(Constructor.java:500)
	at java.base/java.lang.reflect.Constructor.newInstance(Constructor.java:484)
	at org.openqa.selenium.remote.codec.w3c.W3CHttpResponseCodec.createException(W3CHttpResponseCodec.java:200)
	at org.openqa.selenium.remote.codec.w3c.W3CHttpResponseCodec.decode(W3CHttpResponseCodec.java:133)
	at org.openqa.selenium.remote.codec.w3c.W3CHttpResponseCodec.decode(W3CHttpResponseCodec.java:53)
	at org.openqa.selenium.remote.HttpCommandExecutor.execute(HttpCommandExecutor.java:193)
	at org.openqa.selenium.remote.service.DriverCommandExecutor.invokeExecute(DriverCommandExecutor.java:183)
	at org.openqa.selenium.remote.service.DriverCommandExecutor.execute(DriverCommandExecutor.java:158)
	at org.openqa.selenium.remote.RemoteWebDriver.execute(RemoteWebDriver.java:543)
	at org.openqa.selenium.remote.ElementLocation$ElementFinder$2.findElement(ElementLocation.java:162)
	at org.openqa.selenium.remote.ElementLocation.findElement(ElementLocation.java:60)
	at org.openqa.selenium.remote.RemoteWebDriver.findElement(RemoteWebDriver.java:352)
	at org.openqa.selenium.remote.RemoteWebDriver.findElement(RemoteWebDriver.java:344)
	at org.openqa.selenium.support.pagefactory.DefaultElementLocator.findElement(DefaultElementLocator.java:70)
	at org.openqa.selenium.support.pagefactory.internal.LocatingElementHandler.invoke(LocatingElementHandler.java:39)
	at jdk.proxy2/jdk.proxy2.$Proxy43.click(Unknown Source)
	at PageObjects.Arrays.arraysList(Arrays.java:89)
	at stepdefinitions.arraySteps.user_click_on_arrays_using_list_topic(arraySteps.java:126)
	at ✽.User click on Arrays Using List topic(file:///C:/Users/sange/eclipse-workspace/DS-ALGO109/src/test/resources/Features/5arrays.feature:32)
</textarea>
      
      </div>
                  </div>
                  <div class="step skip-bg">
                    <span>And click Try here button and navigate to try edidor page</span>
      <div>Step skipped
      </div>
                  </div>
                  <div class="step skip-bg">
                    <span>When The user enter valid python code in tryEditor from sheet "Sheet1" and 0</span>
      <div>Step skipped
      </div>
                  </div>
                  <div class="step skip-bg">
                    <span>And User click on run button</span>
      <div>Step skipped
      </div>
                  </div>
                  <div class="step skip-bg">
                    <span>Then User should be presented with run result</span>
      <div>Step skipped
      </div>
                  </div>
                  <div class="step pass-bg">
                    <span>Allhooks.Hooks.tearDown(io.cucumber.java.Scenario)</span>
      <div>User is able to navigate to tryeditor page and run valid python code
          <div class="row mb-3"><div class="col-md-3">
<img data-featherlight='../ScreenShots/embedded3.png' src="../ScreenShots/embedded3.png">
    
    </div></div>
</div>
      <div>
      </div>
                  </div>
              </div>
            </div>
        </div>
  </div>
  <div class="card">
    <div class="card-header" role="tab">
      <div class="card-title">
        <div class="node" id="66"><span class="badge log fail-bg mr-2">Fail</span>User is able to navigate to tryeditor page and run invalid python code</div>
          <div class="status-avatar float-right mr-4">
            <i class="fa fa-paperclip"></i>
          </div>
      </div>
    </div>
        <div class="scenario_outline ">
            <div class="card-body l1">
              <div class="card-header">
                <div class="card-title outline-child">
                  <div class="node" id="67"><span class="badge log fail-bg mr-2">Fail</span>User is able to navigate to tryeditor page and run invalid python code</div>
                    <div class="status-avatar float-right">
                      <i class="fa fa-paperclip"></i>
                    </div>
                </div>
              </div>
              <div class="card-body mt-3 ">
                  <div class="step fail-bg">
                    <span>Given User click on Arrays Using List topic</span>
      <div>
        <textarea disabled class="code-block">org.openqa.selenium.NoSuchElementException: no such element: Unable to locate element: {"method":"link text","selector":"Arrays Using List"}
  (Session info: chrome=112.0.5615.138)
For documentation on this error, please visit: https://selenium.dev/exceptions/#no_such_element
Build info: version: '4.8.3', revision: 'e5e76298c3'
System info: os.name: 'Windows 11', os.arch: 'amd64', os.version: '10.0', java.version: '19.0.2'
Driver info: org.openqa.selenium.chrome.ChromeDriver
Command: [c091e3438b055a32b30c9367a78f4bbe, findElement {using=link text, value=Arrays Using List}]
Capabilities {acceptInsecureCerts: false, browserName: chrome, browserVersion: 112.0.5615.138, chrome: {chromedriverVersion: 112.0.5615.49 (bd2a7bcb881c..., userDataDir: C:\Users\sange\AppData\Loca...}, goog:chromeOptions: {debuggerAddress: localhost:50342}, networkConnectionEnabled: false, pageLoadStrategy: normal, platformName: WINDOWS, proxy: Proxy(), se:cdp: ws://localhost:50342/devtoo..., se:cdpVersion: 112.0.5615.138, setWindowRect: true, strictFileInteractability: false, timeouts: {implicit: 0, pageLoad: 300000, script: 30000}, unhandledPromptBehavior: dismiss and notify, webauthn:extension:credBlob: true, webauthn:extension:largeBlob: true, webauthn:extension:minPinLength: true, webauthn:extension:prf: true, webauthn:virtualAuthenticators: true}
Session ID: c091e3438b055a32b30c9367a78f4bbe
	at java.base/jdk.internal.reflect.DirectConstructorHandleAccessor.newInstance(DirectConstructorHandleAccessor.java:67)
	at java.base/java.lang.reflect.Constructor.newInstanceWithCaller(Constructor.java:500)
	at java.base/java.lang.reflect.Constructor.newInstance(Constructor.java:484)
	at org.openqa.selenium.remote.codec.w3c.W3CHttpResponseCodec.createException(W3CHttpResponseCodec.java:200)
	at org.openqa.selenium.remote.codec.w3c.W3CHttpResponseCodec.decode(W3CHttpResponseCodec.java:133)
	at org.openqa.selenium.remote.codec.w3c.W3CHttpResponseCodec.decode(W3CHttpResponseCodec.java:53)
	at org.openqa.selenium.remote.HttpCommandExecutor.execute(HttpCommandExecutor.java:193)
	at org.openqa.selenium.remote.service.DriverCommandExecutor.invokeExecute(DriverCommandExecutor.java:183)
	at org.openqa.selenium.remote.service.DriverCommandExecutor.execute(DriverCommandExecutor.java:158)
	at org.openqa.selenium.remote.RemoteWebDriver.execute(RemoteWebDriver.java:543)
	at org.openqa.selenium.remote.ElementLocation$ElementFinder$2.findElement(ElementLocation.java:162)
	at org.openqa.selenium.remote.ElementLocation.findElement(ElementLocation.java:60)
	at org.openqa.selenium.remote.RemoteWebDriver.findElement(RemoteWebDriver.java:352)
	at org.openqa.selenium.remote.RemoteWebDriver.findElement(RemoteWebDriver.java:344)
	at org.openqa.selenium.support.pagefactory.DefaultElementLocator.findElement(DefaultElementLocator.java:70)
	at org.openqa.selenium.support.pagefactory.internal.LocatingElementHandler.invoke(LocatingElementHandler.java:39)
	at jdk.proxy2/jdk.proxy2.$Proxy43.click(Unknown Source)
	at PageObjects.Arrays.arraysList(Arrays.java:89)
	at stepdefinitions.arraySteps.user_click_on_arrays_using_list_topic(arraySteps.java:126)
	at ✽.User click on Arrays Using List topic(file:///C:/Users/sange/eclipse-workspace/DS-ALGO109/src/test/resources/Features/5arrays.feature:43)
</textarea>
      
      </div>
                  </div>
                  <div class="step skip-bg">
                    <span>And click Try here button and navigate to try edidor page</span>
      <div>Step skipped
      </div>
                  </div>
                  <div class="step skip-bg">
                    <span>When The user enter invalid python code in tryEditor from sheet "Sheet1" and 1</span>
      <div>Step skipped
      </div>
                  </div>
                  <div class="step skip-bg">
                    <span>And User click on run button</span>
      <div>Step skipped
      </div>
                  </div>
                  <div class="step skip-bg">
                    <span>Then User should get alert message</span>
      <div>Step skipped
      </div>
                  </div>
                  <div class="step pass-bg">
                    <span>Allhooks.Hooks.tearDown(io.cucumber.java.Scenario)</span>
      <div>User is able to navigate to tryeditor page and run invalid python code
          <div class="row mb-3"><div class="col-md-3">
<img data-featherlight='../ScreenShots/embedded4.png' src="../ScreenShots/embedded4.png">
    
    </div></div>
</div>
      <div>
      </div>
                  </div>
              </div>
            </div>
        </div>
  </div>
  <div class="card">
    <div class="card-header" role="tab">
      <div class="card-title">
        <div class="node" id="76"><span class="badge log fail-bg mr-2">Fail</span>User is able to navigate to tryeditor page and run valid python code</div>
          <div class="status-avatar float-right mr-4">
            <i class="fa fa-paperclip"></i>
          </div>
      </div>
    </div>
        <div class="scenario_outline ">
            <div class="card-body l1">
              <div class="card-header">
                <div class="card-title outline-child">
                  <div class="node" id="77"><span class="badge log fail-bg mr-2">Fail</span>User is able to navigate to tryeditor page and run valid python code</div>
                    <div class="status-avatar float-right">
                      <i class="fa fa-paperclip"></i>
                    </div>
                </div>
              </div>
              <div class="card-body mt-3 ">
                  <div class="step fail-bg">
                    <span>Given User click on basic Operations in Lists</span>
      <div>
        <textarea disabled class="code-block">org.openqa.selenium.NoSuchElementException: no such element: Unable to locate element: {"method":"link text","selector":"Basic Operations in Lists"}
  (Session info: chrome=112.0.5615.138)
For documentation on this error, please visit: https://selenium.dev/exceptions/#no_such_element
Build info: version: '4.8.3', revision: 'e5e76298c3'
System info: os.name: 'Windows 11', os.arch: 'amd64', os.version: '10.0', java.version: '19.0.2'
Driver info: org.openqa.selenium.chrome.ChromeDriver
Command: [c091e3438b055a32b30c9367a78f4bbe, findElement {using=link text, value=Basic Operations in Lists}]
Capabilities {acceptInsecureCerts: false, browserName: chrome, browserVersion: 112.0.5615.138, chrome: {chromedriverVersion: 112.0.5615.49 (bd2a7bcb881c..., userDataDir: C:\Users\sange\AppData\Loca...}, goog:chromeOptions: {debuggerAddress: localhost:50342}, networkConnectionEnabled: false, pageLoadStrategy: normal, platformName: WINDOWS, proxy: Proxy(), se:cdp: ws://localhost:50342/devtoo..., se:cdpVersion: 112.0.5615.138, setWindowRect: true, strictFileInteractability: false, timeouts: {implicit: 0, pageLoad: 300000, script: 30000}, unhandledPromptBehavior: dismiss and notify, webauthn:extension:credBlob: true, webauthn:extension:largeBlob: true, webauthn:extension:minPinLength: true, webauthn:extension:prf: true, webauthn:virtualAuthenticators: true}
Session ID: c091e3438b055a32b30c9367a78f4bbe
	at java.base/jdk.internal.reflect.DirectConstructorHandleAccessor.newInstance(DirectConstructorHandleAccessor.java:67)
	at java.base/java.lang.reflect.Constructor.newInstanceWithCaller(Constructor.java:500)
	at java.base/java.lang.reflect.Constructor.newInstance(Constructor.java:484)
	at org.openqa.selenium.remote.codec.w3c.W3CHttpResponseCodec.createException(W3CHttpResponseCodec.java:200)
	at org.openqa.selenium.remote.codec.w3c.W3CHttpResponseCodec.decode(W3CHttpResponseCodec.java:133)
	at org.openqa.selenium.remote.codec.w3c.W3CHttpResponseCodec.decode(W3CHttpResponseCodec.java:53)
	at org.openqa.selenium.remote.HttpCommandExecutor.execute(HttpCommandExecutor.java:193)
	at org.openqa.selenium.remote.service.DriverCommandExecutor.invokeExecute(DriverCommandExecutor.java:183)
	at org.openqa.selenium.remote.service.DriverCommandExecutor.execute(DriverCommandExecutor.java:158)
	at org.openqa.selenium.remote.RemoteWebDriver.execute(RemoteWebDriver.java:543)
	at org.openqa.selenium.remote.ElementLocation$ElementFinder$2.findElement(ElementLocation.java:162)
	at org.openqa.selenium.remote.ElementLocation.findElement(ElementLocation.java:60)
	at org.openqa.selenium.remote.RemoteWebDriver.findElement(RemoteWebDriver.java:352)
	at org.openqa.selenium.remote.RemoteWebDriver.findElement(RemoteWebDriver.java:344)
	at org.openqa.selenium.support.pagefactory.DefaultElementLocator.findElement(DefaultElementLocator.java:70)
	at org.openqa.selenium.support.pagefactory.internal.LocatingElementHandler.invoke(LocatingElementHandler.java:39)
	at jdk.proxy2/jdk.proxy2.$Proxy43.click(Unknown Source)
	at PageObjects.Arrays.BasicOpInList(Arrays.java:92)
	at stepdefinitions.arraySteps.user_click_on_basic_operations_in_lists(arraySteps.java:138)
	at ✽.User click on basic Operations in Lists(file:///C:/Users/sange/eclipse-workspace/DS-ALGO109/src/test/resources/Features/5arrays.feature:54)
</textarea>
      
      </div>
                  </div>
                  <div class="step skip-bg">
                    <span>And click Try here button and navigate to try edidor page</span>
      <div>Step skipped
      </div>
                  </div>
                  <div class="step skip-bg">
                    <span>When The user enter valid python code in tryEditor from sheet "Sheet1" and 0</span>
      <div>Step skipped
      </div>
                  </div>
                  <div class="step skip-bg">
                    <span>And User click on run button</span>
      <div>Step skipped
      </div>
                  </div>
                  <div class="step skip-bg">
                    <span>Then User should be presented with run result</span>
      <div>Step skipped
      </div>
                  </div>
                  <div class="step pass-bg">
                    <span>Allhooks.Hooks.tearDown(io.cucumber.java.Scenario)</span>
      <div>User is able to navigate to tryeditor page and run valid python code
          <div class="row mb-3"><div class="col-md-3">
<img data-featherlight='../ScreenShots/embedded5.png' src="../ScreenShots/embedded5.png">
    
    </div></div>
</div>
      <div>
      </div>
                  </div>
              </div>
            </div>
        </div>
  </div>
  <div class="card">
    <div class="card-header" role="tab">
      <div class="card-title">
        <div class="node" id="86"><span class="badge log fail-bg mr-2">Fail</span>User is able to navigate to tryeditor page and run invalid python code</div>
          <div class="status-avatar float-right mr-4">
            <i class="fa fa-paperclip"></i>
          </div>
      </div>
    </div>
        <div class="scenario_outline ">
            <div class="card-body l1">
              <div class="card-header">
                <div class="card-title outline-child">
                  <div class="node" id="87"><span class="badge log fail-bg mr-2">Fail</span>User is able to navigate to tryeditor page and run invalid python code</div>
                    <div class="status-avatar float-right">
                      <i class="fa fa-paperclip"></i>
                    </div>
                </div>
              </div>
              <div class="card-body mt-3 ">
                  <div class="step fail-bg">
                    <span>Given User click on basic Operations in Lists</span>
      <div>
        <textarea disabled class="code-block">org.openqa.selenium.NoSuchElementException: no such element: Unable to locate element: {"method":"link text","selector":"Basic Operations in Lists"}
  (Session info: chrome=112.0.5615.138)
For documentation on this error, please visit: https://selenium.dev/exceptions/#no_such_element
Build info: version: '4.8.3', revision: 'e5e76298c3'
System info: os.name: 'Windows 11', os.arch: 'amd64', os.version: '10.0', java.version: '19.0.2'
Driver info: org.openqa.selenium.chrome.ChromeDriver
Command: [c091e3438b055a32b30c9367a78f4bbe, findElement {using=link text, value=Basic Operations in Lists}]
Capabilities {acceptInsecureCerts: false, browserName: chrome, browserVersion: 112.0.5615.138, chrome: {chromedriverVersion: 112.0.5615.49 (bd2a7bcb881c..., userDataDir: C:\Users\sange\AppData\Loca...}, goog:chromeOptions: {debuggerAddress: localhost:50342}, networkConnectionEnabled: false, pageLoadStrategy: normal, platformName: WINDOWS, proxy: Proxy(), se:cdp: ws://localhost:50342/devtoo..., se:cdpVersion: 112.0.5615.138, setWindowRect: true, strictFileInteractability: false, timeouts: {implicit: 0, pageLoad: 300000, script: 30000}, unhandledPromptBehavior: dismiss and notify, webauthn:extension:credBlob: true, webauthn:extension:largeBlob: true, webauthn:extension:minPinLength: true, webauthn:extension:prf: true, webauthn:virtualAuthenticators: true}
Session ID: c091e3438b055a32b30c9367a78f4bbe
	at java.base/jdk.internal.reflect.DirectConstructorHandleAccessor.newInstance(DirectConstructorHandleAccessor.java:67)
	at java.base/java.lang.reflect.Constructor.newInstanceWithCaller(Constructor.java:500)
	at java.base/java.lang.reflect.Constructor.newInstance(Constructor.java:484)
	at org.openqa.selenium.remote.codec.w3c.W3CHttpResponseCodec.createException(W3CHttpResponseCodec.java:200)
	at org.openqa.selenium.remote.codec.w3c.W3CHttpResponseCodec.decode(W3CHttpResponseCodec.java:133)
	at org.openqa.selenium.remote.codec.w3c.W3CHttpResponseCodec.decode(W3CHttpResponseCodec.java:53)
	at org.openqa.selenium.remote.HttpCommandExecutor.execute(HttpCommandExecutor.java:193)
	at org.openqa.selenium.remote.service.DriverCommandExecutor.invokeExecute(DriverCommandExecutor.java:183)
	at org.openqa.selenium.remote.service.DriverCommandExecutor.execute(DriverCommandExecutor.java:158)
	at org.openqa.selenium.remote.RemoteWebDriver.execute(RemoteWebDriver.java:543)
	at org.openqa.selenium.remote.ElementLocation$ElementFinder$2.findElement(ElementLocation.java:162)
	at org.openqa.selenium.remote.ElementLocation.findElement(ElementLocation.java:60)
	at org.openqa.selenium.remote.RemoteWebDriver.findElement(RemoteWebDriver.java:352)
	at org.openqa.selenium.remote.RemoteWebDriver.findElement(RemoteWebDriver.java:344)
	at org.openqa.selenium.support.pagefactory.DefaultElementLocator.findElement(DefaultElementLocator.java:70)
	at org.openqa.selenium.support.pagefactory.internal.LocatingElementHandler.invoke(LocatingElementHandler.java:39)
	at jdk.proxy2/jdk.proxy2.$Proxy43.click(Unknown Source)
	at PageObjects.Arrays.BasicOpInList(Arrays.java:92)
	at stepdefinitions.arraySteps.user_click_on_basic_operations_in_lists(arraySteps.java:138)
	at ✽.User click on basic Operations in Lists(file:///C:/Users/sange/eclipse-workspace/DS-ALGO109/src/test/resources/Features/5arrays.feature:65)
</textarea>
      
      </div>
                  </div>
                  <div class="step skip-bg">
                    <span>And click Try here button and navigate to try edidor page</span>
      <div>Step skipped
      </div>
                  </div>
                  <div class="step skip-bg">
                    <span>When The user enter invalid python code in tryEditor from sheet "Sheet1" and 1</span>
      <div>Step skipped
      </div>
                  </div>
                  <div class="step skip-bg">
                    <span>And User click on run button</span>
      <div>Step skipped
      </div>
                  </div>
                  <div class="step skip-bg">
                    <span>Then User should get alert message</span>
      <div>Step skipped
      </div>
                  </div>
                  <div class="step pass-bg">
                    <span>Allhooks.Hooks.tearDown(io.cucumber.java.Scenario)</span>
      <div>User is able to navigate to tryeditor page and run invalid python code
          <div class="row mb-3"><div class="col-md-3">
<img data-featherlight='../ScreenShots/embedded6.png' src="../ScreenShots/embedded6.png">
    
    </div></div>
</div>
      <div>
      </div>
                  </div>
              </div>
            </div>
        </div>
  </div>
  <div class="card">
    <div class="card-header" role="tab">
      <div class="card-title">
        <div class="node" id="96"><span class="badge log fail-bg mr-2">Fail</span>User is able to navigate to tryeditor page and run valid python code</div>
          <div class="status-avatar float-right mr-4">
            <i class="fa fa-paperclip"></i>
          </div>
      </div>
    </div>
        <div class="scenario_outline ">
            <div class="card-body l1">
              <div class="card-header">
                <div class="card-title outline-child">
                  <div class="node" id="97"><span class="badge log fail-bg mr-2">Fail</span>User is able to navigate to tryeditor page and run valid python code</div>
                    <div class="status-avatar float-right">
                      <i class="fa fa-paperclip"></i>
                    </div>
                </div>
              </div>
              <div class="card-body mt-3 ">
                  <div class="step fail-bg">
                    <span>Given User click on Applications of Array</span>
      <div>
        <textarea disabled class="code-block">org.openqa.selenium.NoSuchElementException: no such element: Unable to locate element: {"method":"link text","selector":"Applications of Array"}
  (Session info: chrome=112.0.5615.138)
For documentation on this error, please visit: https://selenium.dev/exceptions/#no_such_element
Build info: version: '4.8.3', revision: 'e5e76298c3'
System info: os.name: 'Windows 11', os.arch: 'amd64', os.version: '10.0', java.version: '19.0.2'
Driver info: org.openqa.selenium.chrome.ChromeDriver
Command: [c091e3438b055a32b30c9367a78f4bbe, findElement {using=link text, value=Applications of Array}]
Capabilities {acceptInsecureCerts: false, browserName: chrome, browserVersion: 112.0.5615.138, chrome: {chromedriverVersion: 112.0.5615.49 (bd2a7bcb881c..., userDataDir: C:\Users\sange\AppData\Loca...}, goog:chromeOptions: {debuggerAddress: localhost:50342}, networkConnectionEnabled: false, pageLoadStrategy: normal, platformName: WINDOWS, proxy: Proxy(), se:cdp: ws://localhost:50342/devtoo..., se:cdpVersion: 112.0.5615.138, setWindowRect: true, strictFileInteractability: false, timeouts: {implicit: 0, pageLoad: 300000, script: 30000}, unhandledPromptBehavior: dismiss and notify, webauthn:extension:credBlob: true, webauthn:extension:largeBlob: true, webauthn:extension:minPinLength: true, webauthn:extension:prf: true, webauthn:virtualAuthenticators: true}
Session ID: c091e3438b055a32b30c9367a78f4bbe
	at java.base/jdk.internal.reflect.DirectConstructorHandleAccessor.newInstance(DirectConstructorHandleAccessor.java:67)
	at java.base/java.lang.reflect.Constructor.newInstanceWithCaller(Constructor.java:500)
	at java.base/java.lang.reflect.Constructor.newInstance(Constructor.java:484)
	at org.openqa.selenium.remote.codec.w3c.W3CHttpResponseCodec.createException(W3CHttpResponseCodec.java:200)
	at org.openqa.selenium.remote.codec.w3c.W3CHttpResponseCodec.decode(W3CHttpResponseCodec.java:133)
	at org.openqa.selenium.remote.codec.w3c.W3CHttpResponseCodec.decode(W3CHttpResponseCodec.java:53)
	at org.openqa.selenium.remote.HttpCommandExecutor.execute(HttpCommandExecutor.java:193)
	at org.openqa.selenium.remote.service.DriverCommandExecutor.invokeExecute(DriverCommandExecutor.java:183)
	at org.openqa.selenium.remote.service.DriverCommandExecutor.execute(DriverCommandExecutor.java:158)
	at org.openqa.selenium.remote.RemoteWebDriver.execute(RemoteWebDriver.java:543)
	at org.openqa.selenium.remote.ElementLocation$ElementFinder$2.findElement(ElementLocation.java:162)
	at org.openqa.selenium.remote.ElementLocation.findElement(ElementLocation.java:60)
	at org.openqa.selenium.remote.RemoteWebDriver.findElement(RemoteWebDriver.java:352)
	at org.openqa.selenium.remote.RemoteWebDriver.findElement(RemoteWebDriver.java:344)
	at org.openqa.selenium.support.pagefactory.DefaultElementLocator.findElement(DefaultElementLocator.java:70)
	at org.openqa.selenium.support.pagefactory.internal.LocatingElementHandler.invoke(LocatingElementHandler.java:39)
	at jdk.proxy2/jdk.proxy2.$Proxy43.click(Unknown Source)
	at PageObjects.Arrays.ApplOfArray(Arrays.java:95)
	at stepdefinitions.arraySteps.user_click_on_applications_of_array(arraySteps.java:143)
	at ✽.User click on Applications of Array(file:///C:/Users/sange/eclipse-workspace/DS-ALGO109/src/test/resources/Features/5arrays.feature:77)
</textarea>
      
      </div>
                  </div>
                  <div class="step skip-bg">
                    <span>And click Try here button and navigate to try edidor page</span>
      <div>Step skipped
      </div>
                  </div>
                  <div class="step skip-bg">
                    <span>When The user enter valid python code in tryEditor from sheet "Sheet1" and 0</span>
      <div>Step skipped
      </div>
                  </div>
                  <div class="step skip-bg">
                    <span>And User click on run button</span>
      <div>Step skipped
      </div>
                  </div>
                  <div class="step skip-bg">
                    <span>Then User should be presented with run result</span>
      <div>Step skipped
      </div>
                  </div>
                  <div class="step pass-bg">
                    <span>Allhooks.Hooks.tearDown(io.cucumber.java.Scenario)</span>
      <div>User is able to navigate to tryeditor page and run valid python code
          <div class="row mb-3"><div class="col-md-3">
<img data-featherlight='../ScreenShots/embedded7.png' src="../ScreenShots/embedded7.png">
    
    </div></div>
</div>
      <div>
      </div>
                  </div>
              </div>
            </div>
        </div>
  </div>
  <div class="card">
    <div class="card-header" role="tab">
      <div class="card-title">
        <div class="node" id="106"><span class="badge log fail-bg mr-2">Fail</span>User is able to navigate to tryeditor page and run invalid python code</div>
          <div class="status-avatar float-right mr-4">
            <i class="fa fa-paperclip"></i>
          </div>
      </div>
    </div>
        <div class="scenario_outline ">
            <div class="card-body l1">
              <div class="card-header">
                <div class="card-title outline-child">
                  <div class="node" id="107"><span class="badge log fail-bg mr-2">Fail</span>User is able to navigate to tryeditor page and run invalid python code</div>
                    <div class="status-avatar float-right">
                      <i class="fa fa-paperclip"></i>
                    </div>
                </div>
              </div>
              <div class="card-body mt-3 ">
                  <div class="step fail-bg">
                    <span>Given User click on Applications of Array</span>
      <div>
        <textarea disabled class="code-block">org.openqa.selenium.NoSuchElementException: no such element: Unable to locate element: {"method":"link text","selector":"Applications of Array"}
  (Session info: chrome=112.0.5615.138)
For documentation on this error, please visit: https://selenium.dev/exceptions/#no_such_element
Build info: version: '4.8.3', revision: 'e5e76298c3'
System info: os.name: 'Windows 11', os.arch: 'amd64', os.version: '10.0', java.version: '19.0.2'
Driver info: org.openqa.selenium.chrome.ChromeDriver
Command: [c091e3438b055a32b30c9367a78f4bbe, findElement {using=link text, value=Applications of Array}]
Capabilities {acceptInsecureCerts: false, browserName: chrome, browserVersion: 112.0.5615.138, chrome: {chromedriverVersion: 112.0.5615.49 (bd2a7bcb881c..., userDataDir: C:\Users\sange\AppData\Loca...}, goog:chromeOptions: {debuggerAddress: localhost:50342}, networkConnectionEnabled: false, pageLoadStrategy: normal, platformName: WINDOWS, proxy: Proxy(), se:cdp: ws://localhost:50342/devtoo..., se:cdpVersion: 112.0.5615.138, setWindowRect: true, strictFileInteractability: false, timeouts: {implicit: 0, pageLoad: 300000, script: 30000}, unhandledPromptBehavior: dismiss and notify, webauthn:extension:credBlob: true, webauthn:extension:largeBlob: true, webauthn:extension:minPinLength: true, webauthn:extension:prf: true, webauthn:virtualAuthenticators: true}
Session ID: c091e3438b055a32b30c9367a78f4bbe
	at java.base/jdk.internal.reflect.DirectConstructorHandleAccessor.newInstance(DirectConstructorHandleAccessor.java:67)
	at java.base/java.lang.reflect.Constructor.newInstanceWithCaller(Constructor.java:500)
	at java.base/java.lang.reflect.Constructor.newInstance(Constructor.java:484)
	at org.openqa.selenium.remote.codec.w3c.W3CHttpResponseCodec.createException(W3CHttpResponseCodec.java:200)
	at org.openqa.selenium.remote.codec.w3c.W3CHttpResponseCodec.decode(W3CHttpResponseCodec.java:133)
	at org.openqa.selenium.remote.codec.w3c.W3CHttpResponseCodec.decode(W3CHttpResponseCodec.java:53)
	at org.openqa.selenium.remote.HttpCommandExecutor.execute(HttpCommandExecutor.java:193)
	at org.openqa.selenium.remote.service.DriverCommandExecutor.invokeExecute(DriverCommandExecutor.java:183)
	at org.openqa.selenium.remote.service.DriverCommandExecutor.execute(DriverCommandExecutor.java:158)
	at org.openqa.selenium.remote.RemoteWebDriver.execute(RemoteWebDriver.java:543)
	at org.openqa.selenium.remote.ElementLocation$ElementFinder$2.findElement(ElementLocation.java:162)
	at org.openqa.selenium.remote.ElementLocation.findElement(ElementLocation.java:60)
	at org.openqa.selenium.remote.RemoteWebDriver.findElement(RemoteWebDriver.java:352)
	at org.openqa.selenium.remote.RemoteWebDriver.findElement(RemoteWebDriver.java:344)
	at org.openqa.selenium.support.pagefactory.DefaultElementLocator.findElement(DefaultElementLocator.java:70)
	at org.openqa.selenium.support.pagefactory.internal.LocatingElementHandler.invoke(LocatingElementHandler.java:39)
	at jdk.proxy2/jdk.proxy2.$Proxy43.click(Unknown Source)
	at PageObjects.Arrays.ApplOfArray(Arrays.java:95)
	at stepdefinitions.arraySteps.user_click_on_applications_of_array(arraySteps.java:143)
	at ✽.User click on Applications of Array(file:///C:/Users/sange/eclipse-workspace/DS-ALGO109/src/test/resources/Features/5arrays.feature:87)
</textarea>
      
      </div>
                  </div>
                  <div class="step skip-bg">
                    <span>And click Try here button and navigate to try edidor page</span>
      <div>Step skipped
      </div>
                  </div>
                  <div class="step skip-bg">
                    <span>When The user enter invalid python code in tryEditor from sheet "Sheet1" and 1</span>
      <div>Step skipped
      </div>
                  </div>
                  <div class="step skip-bg">
                    <span>And User click on run button</span>
      <div>Step skipped
      </div>
                  </div>
                  <div class="step skip-bg">
                    <span>Then User should get alert message</span>
      <div>Step skipped
      </div>
                  </div>
                  <div class="step pass-bg">
                    <span>Allhooks.Hooks.tearDown(io.cucumber.java.Scenario)</span>
      <div>User is able to navigate to tryeditor page and run invalid python code
          <div class="row mb-3"><div class="col-md-3">
<img data-featherlight='../ScreenShots/embedded8.png' src="../ScreenShots/embedded8.png">
    
    </div></div>
</div>
      <div>
      </div>
                  </div>
              </div>
            </div>
        </div>
  </div>
  <div class="card">
    <div class="card-header" role="tab">
      <div class="card-title">
        <div class="node" id="116"><span class="badge log fail-bg mr-2">Fail</span>User is able to navigate to tryeditor page and run valid python code</div>
          <div class="status-avatar float-right mr-4">
            <i class="fa fa-paperclip"></i>
          </div>
      </div>
    </div>
        <div class="scenario_outline ">
            <div class="card-body l1">
              <div class="card-header">
                <div class="card-title outline-child">
                  <div class="node" id="117"><span class="badge log fail-bg mr-2">Fail</span>User is able to navigate to tryeditor page and run valid python code</div>
                    <div class="status-avatar float-right">
                      <i class="fa fa-paperclip"></i>
                    </div>
                </div>
              </div>
              <div class="card-body mt-3 ">
                  <div class="step fail-bg">
                    <span>Given User click on Practies Questions</span>
      <div>
        <textarea disabled class="code-block">org.openqa.selenium.NoSuchElementException: no such element: Unable to locate element: {"method":"link text","selector":"Practice Questions"}
  (Session info: chrome=112.0.5615.138)
For documentation on this error, please visit: https://selenium.dev/exceptions/#no_such_element
Build info: version: '4.8.3', revision: 'e5e76298c3'
System info: os.name: 'Windows 11', os.arch: 'amd64', os.version: '10.0', java.version: '19.0.2'
Driver info: org.openqa.selenium.chrome.ChromeDriver
Command: [c091e3438b055a32b30c9367a78f4bbe, findElement {using=link text, value=Practice Questions}]
Capabilities {acceptInsecureCerts: false, browserName: chrome, browserVersion: 112.0.5615.138, chrome: {chromedriverVersion: 112.0.5615.49 (bd2a7bcb881c..., userDataDir: C:\Users\sange\AppData\Loca...}, goog:chromeOptions: {debuggerAddress: localhost:50342}, networkConnectionEnabled: false, pageLoadStrategy: normal, platformName: WINDOWS, proxy: Proxy(), se:cdp: ws://localhost:50342/devtoo..., se:cdpVersion: 112.0.5615.138, setWindowRect: true, strictFileInteractability: false, timeouts: {implicit: 0, pageLoad: 300000, script: 30000}, unhandledPromptBehavior: dismiss and notify, webauthn:extension:credBlob: true, webauthn:extension:largeBlob: true, webauthn:extension:minPinLength: true, webauthn:extension:prf: true, webauthn:virtualAuthenticators: true}
Session ID: c091e3438b055a32b30c9367a78f4bbe
	at java.base/jdk.internal.reflect.DirectConstructorHandleAccessor.newInstance(DirectConstructorHandleAccessor.java:67)
	at java.base/java.lang.reflect.Constructor.newInstanceWithCaller(Constructor.java:500)
	at java.base/java.lang.reflect.Constructor.newInstance(Constructor.java:484)
	at org.openqa.selenium.remote.codec.w3c.W3CHttpResponseCodec.createException(W3CHttpResponseCodec.java:200)
	at org.openqa.selenium.remote.codec.w3c.W3CHttpResponseCodec.decode(W3CHttpResponseCodec.java:133)
	at org.openqa.selenium.remote.codec.w3c.W3CHttpResponseCodec.decode(W3CHttpResponseCodec.java:53)
	at org.openqa.selenium.remote.HttpCommandExecutor.execute(HttpCommandExecutor.java:193)
	at org.openqa.selenium.remote.service.DriverCommandExecutor.invokeExecute(DriverCommandExecutor.java:183)
	at org.openqa.selenium.remote.service.DriverCommandExecutor.execute(DriverCommandExecutor.java:158)
	at org.openqa.selenium.remote.RemoteWebDriver.execute(RemoteWebDriver.java:543)
	at org.openqa.selenium.remote.ElementLocation$ElementFinder$2.findElement(ElementLocation.java:162)
	at org.openqa.selenium.remote.ElementLocation.findElement(ElementLocation.java:60)
	at org.openqa.selenium.remote.RemoteWebDriver.findElement(RemoteWebDriver.java:352)
	at org.openqa.selenium.remote.RemoteWebDriver.findElement(RemoteWebDriver.java:344)
	at org.openqa.selenium.support.pagefactory.DefaultElementLocator.findElement(DefaultElementLocator.java:70)
	at org.openqa.selenium.support.pagefactory.internal.LocatingElementHandler.invoke(LocatingElementHandler.java:39)
	at jdk.proxy2/jdk.proxy2.$Proxy43.click(Unknown Source)
	at PageObjects.Arrays.PraQues(Arrays.java:98)
	at stepdefinitions.arraySteps.user_click_on_practies_questions(arraySteps.java:148)
	at ✽.User click on Practies Questions(file:///C:/Users/sange/eclipse-workspace/DS-ALGO109/src/test/resources/Features/5arrays.feature:98)
</textarea>
      
      </div>
                  </div>
                  <div class="step skip-bg">
                    <span>When User click on Question1 its navigate to tryeditor page</span>
      <div>Step skipped
      </div>
                  </div>
                  <div class="step skip-bg">
                    <span>And User clear the tryeditor textbox</span>
      <div>Step skipped
      </div>
                  </div>
                  <div class="step skip-bg">
                    <span>When The user enter valid python code in tryEditor from sheet "Sheet1" and 0</span>
      <div>Step skipped
      </div>
                  </div>
                  <div class="step skip-bg">
                    <span>And User click on run button</span>
      <div>Step skipped
      </div>
                  </div>
                  <div class="step skip-bg">
                    <span>Then User should be presented with run result</span>
      <div>Step skipped
      </div>
                  </div>
                  <div class="step pass-bg">
                    <span>Allhooks.Hooks.tearDown(io.cucumber.java.Scenario)</span>
      <div>User is able to navigate to tryeditor page and run valid python code
          <div class="row mb-3"><div class="col-md-3">
<img data-featherlight='../ScreenShots/embedded9.png' src="../ScreenShots/embedded9.png">
    
    </div></div>
</div>
      <div>
      </div>
                  </div>
              </div>
            </div>
        </div>
  </div>
  <div class="card">
    <div class="card-header" role="tab">
      <div class="card-title">
        <div class="node" id="127"><span class="badge log fail-bg mr-2">Fail</span>User is able to navigate to tryeditor page and run invalid python code</div>
          <div class="status-avatar float-right mr-4">
            <i class="fa fa-paperclip"></i>
          </div>
      </div>
    </div>
        <div class="scenario_outline ">
            <div class="card-body l1">
              <div class="card-header">
                <div class="card-title outline-child">
                  <div class="node" id="128"><span class="badge log fail-bg mr-2">Fail</span>User is able to navigate to tryeditor page and run invalid python code</div>
                    <div class="status-avatar float-right">
                      <i class="fa fa-paperclip"></i>
                    </div>
                </div>
              </div>
              <div class="card-body mt-3 ">
                  <div class="step fail-bg">
                    <span>When User click on Question1 its navigate to tryeditor page</span>
      <div>
        <textarea disabled class="code-block">org.openqa.selenium.NoSuchElementException: no such element: Unable to locate element: {"method":"link text","selector":"Search the array"}
  (Session info: chrome=112.0.5615.138)
For documentation on this error, please visit: https://selenium.dev/exceptions/#no_such_element
Build info: version: '4.8.3', revision: 'e5e76298c3'
System info: os.name: 'Windows 11', os.arch: 'amd64', os.version: '10.0', java.version: '19.0.2'
Driver info: org.openqa.selenium.chrome.ChromeDriver
Command: [c091e3438b055a32b30c9367a78f4bbe, findElement {using=link text, value=Search the array}]
Capabilities {acceptInsecureCerts: false, browserName: chrome, browserVersion: 112.0.5615.138, chrome: {chromedriverVersion: 112.0.5615.49 (bd2a7bcb881c..., userDataDir: C:\Users\sange\AppData\Loca...}, goog:chromeOptions: {debuggerAddress: localhost:50342}, networkConnectionEnabled: false, pageLoadStrategy: normal, platformName: WINDOWS, proxy: Proxy(), se:cdp: ws://localhost:50342/devtoo..., se:cdpVersion: 112.0.5615.138, setWindowRect: true, strictFileInteractability: false, timeouts: {implicit: 0, pageLoad: 300000, script: 30000}, unhandledPromptBehavior: dismiss and notify, webauthn:extension:credBlob: true, webauthn:extension:largeBlob: true, webauthn:extension:minPinLength: true, webauthn:extension:prf: true, webauthn:virtualAuthenticators: true}
Session ID: c091e3438b055a32b30c9367a78f4bbe
	at java.base/jdk.internal.reflect.DirectConstructorHandleAccessor.newInstance(DirectConstructorHandleAccessor.java:67)
	at java.base/java.lang.reflect.Constructor.newInstanceWithCaller(Constructor.java:500)
	at java.base/java.lang.reflect.Constructor.newInstance(Constructor.java:484)
	at org.openqa.selenium.remote.codec.w3c.W3CHttpResponseCodec.createException(W3CHttpResponseCodec.java:200)
	at org.openqa.selenium.remote.codec.w3c.W3CHttpResponseCodec.decode(W3CHttpResponseCodec.java:133)
	at org.openqa.selenium.remote.codec.w3c.W3CHttpResponseCodec.decode(W3CHttpResponseCodec.java:53)
	at org.openqa.selenium.remote.HttpCommandExecutor.execute(HttpCommandExecutor.java:193)
	at org.openqa.selenium.remote.service.DriverCommandExecutor.invokeExecute(DriverCommandExecutor.java:183)
	at org.openqa.selenium.remote.service.DriverCommandExecutor.execute(DriverCommandExecutor.java:158)
	at org.openqa.selenium.remote.RemoteWebDriver.execute(RemoteWebDriver.java:543)
	at org.openqa.selenium.remote.ElementLocation$ElementFinder$2.findElement(ElementLocation.java:162)
	at org.openqa.selenium.remote.ElementLocation.findElement(ElementLocation.java:60)
	at org.openqa.selenium.remote.RemoteWebDriver.findElement(RemoteWebDriver.java:352)
	at org.openqa.selenium.remote.RemoteWebDriver.findElement(RemoteWebDriver.java:344)
	at org.openqa.selenium.support.pagefactory.DefaultElementLocator.findElement(DefaultElementLocator.java:70)
	at org.openqa.selenium.support.pagefactory.internal.LocatingElementHandler.invoke(LocatingElementHandler.java:39)
	at jdk.proxy2/jdk.proxy2.$Proxy43.click(Unknown Source)
	at PageObjects.Arrays.que1(Arrays.java:101)
	at stepdefinitions.arraySteps.user_click_on_question1_its_navigate_to_tryeditor_page(arraySteps.java:153)
	at ✽.User click on Question1 its navigate to tryeditor page(file:///C:/Users/sange/eclipse-workspace/DS-ALGO109/src/test/resources/Features/5arrays.feature:111)
</textarea>
      
      </div>
                  </div>
                  <div class="step skip-bg">
                    <span>And User clear the tryeditor textbox</span>
      <div>Step skipped
      </div>
                  </div>
                  <div class="step skip-bg">
                    <span>When The user enter invalid python code in tryEditor from sheet "Sheet1" and 1</span>
      <div>Step skipped
      </div>
                  </div>
                  <div class="step skip-bg">
                    <span>And User click on run button</span>
      <div>Step skipped
      </div>
                  </div>
                  <div class="step skip-bg">
                    <span>Then User should get alert message</span>
      <div>Step skipped
      </div>
                  </div>
                  <div class="step pass-bg">
                    <span>Allhooks.Hooks.tearDown(io.cucumber.java.Scenario)</span>
      <div>User is able to navigate to tryeditor page and run invalid python code
          <div class="row mb-3"><div class="col-md-3">
<img data-featherlight='../ScreenShots/embedded10.png' src="../ScreenShots/embedded10.png">
    
    </div></div>
</div>
      <div>
      </div>
                  </div>
              </div>
            </div>
        </div>
  </div>
  <div class="card">
    <div class="card-header" role="tab">
      <div class="card-title">
        <div class="node" id="137"><span class="badge log fail-bg mr-2">Fail</span>User is able to navigate to tryeditor page and run valid python code</div>
          <div class="status-avatar float-right mr-4">
            <i class="fa fa-paperclip"></i>
          </div>
      </div>
    </div>
        <div class="scenario_outline ">
            <div class="card-body l1">
              <div class="card-header">
                <div class="card-title outline-child">
                  <div class="node" id="138"><span class="badge log fail-bg mr-2">Fail</span>User is able to navigate to tryeditor page and run valid python code</div>
                    <div class="status-avatar float-right">
                      <i class="fa fa-paperclip"></i>
                    </div>
                </div>
              </div>
              <div class="card-body mt-3 ">
                  <div class="step fail-bg">
                    <span>When User click on Question2 its navigate to tryeditor page</span>
      <div>
        <textarea disabled class="code-block">org.openqa.selenium.NoSuchElementException: no such element: Unable to locate element: {"method":"link text","selector":"Max Consecutive Ones"}
  (Session info: chrome=112.0.5615.138)
For documentation on this error, please visit: https://selenium.dev/exceptions/#no_such_element
Build info: version: '4.8.3', revision: 'e5e76298c3'
System info: os.name: 'Windows 11', os.arch: 'amd64', os.version: '10.0', java.version: '19.0.2'
Driver info: org.openqa.selenium.chrome.ChromeDriver
Command: [c091e3438b055a32b30c9367a78f4bbe, findElement {using=link text, value=Max Consecutive Ones}]
Capabilities {acceptInsecureCerts: false, browserName: chrome, browserVersion: 112.0.5615.138, chrome: {chromedriverVersion: 112.0.5615.49 (bd2a7bcb881c..., userDataDir: C:\Users\sange\AppData\Loca...}, goog:chromeOptions: {debuggerAddress: localhost:50342}, networkConnectionEnabled: false, pageLoadStrategy: normal, platformName: WINDOWS, proxy: Proxy(), se:cdp: ws://localhost:50342/devtoo..., se:cdpVersion: 112.0.5615.138, setWindowRect: true, strictFileInteractability: false, timeouts: {implicit: 0, pageLoad: 300000, script: 30000}, unhandledPromptBehavior: dismiss and notify, webauthn:extension:credBlob: true, webauthn:extension:largeBlob: true, webauthn:extension:minPinLength: true, webauthn:extension:prf: true, webauthn:virtualAuthenticators: true}
Session ID: c091e3438b055a32b30c9367a78f4bbe
	at java.base/jdk.internal.reflect.DirectConstructorHandleAccessor.newInstance(DirectConstructorHandleAccessor.java:67)
	at java.base/java.lang.reflect.Constructor.newInstanceWithCaller(Constructor.java:500)
	at java.base/java.lang.reflect.Constructor.newInstance(Constructor.java:484)
	at org.openqa.selenium.remote.codec.w3c.W3CHttpResponseCodec.createException(W3CHttpResponseCodec.java:200)
	at org.openqa.selenium.remote.codec.w3c.W3CHttpResponseCodec.decode(W3CHttpResponseCodec.java:133)
	at org.openqa.selenium.remote.codec.w3c.W3CHttpResponseCodec.decode(W3CHttpResponseCodec.java:53)
	at org.openqa.selenium.remote.HttpCommandExecutor.execute(HttpCommandExecutor.java:193)
	at org.openqa.selenium.remote.service.DriverCommandExecutor.invokeExecute(DriverCommandExecutor.java:183)
	at org.openqa.selenium.remote.service.DriverCommandExecutor.execute(DriverCommandExecutor.java:158)
	at org.openqa.selenium.remote.RemoteWebDriver.execute(RemoteWebDriver.java:543)
	at org.openqa.selenium.remote.ElementLocation$ElementFinder$2.findElement(ElementLocation.java:162)
	at org.openqa.selenium.remote.ElementLocation.findElement(ElementLocation.java:60)
	at org.openqa.selenium.remote.RemoteWebDriver.findElement(RemoteWebDriver.java:352)
	at org.openqa.selenium.remote.RemoteWebDriver.findElement(RemoteWebDriver.java:344)
	at org.openqa.selenium.support.pagefactory.DefaultElementLocator.findElement(DefaultElementLocator.java:70)
	at org.openqa.selenium.support.pagefactory.internal.LocatingElementHandler.invoke(LocatingElementHandler.java:39)
	at jdk.proxy2/jdk.proxy2.$Proxy43.click(Unknown Source)
	at PageObjects.Arrays.que2(Arrays.java:104)
	at stepdefinitions.arraySteps.user_click_on_question2_its_navigate_to_tryeditor_page(arraySteps.java:163)
	at ✽.User click on Question2 its navigate to tryeditor page(file:///C:/Users/sange/eclipse-workspace/DS-ALGO109/src/test/resources/Features/5arrays.feature:123)
</textarea>
      
      </div>
                  </div>
                  <div class="step skip-bg">
                    <span>And User clear the tryeditor textbox</span>
      <div>Step skipped
      </div>
                  </div>
                  <div class="step skip-bg">
                    <span>When The user enter valid python code in tryEditor from sheet "Sheet1" and 0</span>
      <div>Step skipped
      </div>
                  </div>
                  <div class="step skip-bg">
                    <span>And User click on run button</span>
      <div>Step skipped
      </div>
                  </div>
                  <div class="step skip-bg">
                    <span>Then User should be presented with run result</span>
      <div>Step skipped
      </div>
                  </div>
                  <div class="step pass-bg">
                    <span>Allhooks.Hooks.tearDown(io.cucumber.java.Scenario)</span>
      <div>User is able to navigate to tryeditor page and run valid python code
          <div class="row mb-3"><div class="col-md-3">
<img data-featherlight='../ScreenShots/embedded11.png' src="../ScreenShots/embedded11.png">
    
    </div></div>
</div>
      <div>
      </div>
                  </div>
              </div>
            </div>
        </div>
  </div>
  <div class="card">
    <div class="card-header" role="tab">
      <div class="card-title">
        <div class="node" id="147"><span class="badge log fail-bg mr-2">Fail</span>User is able to navigate to tryeditor page and run invalid python code</div>
          <div class="status-avatar float-right mr-4">
            <i class="fa fa-paperclip"></i>
          </div>
      </div>
    </div>
        <div class="scenario_outline ">
            <div class="card-body l1">
              <div class="card-header">
                <div class="card-title outline-child">
                  <div class="node" id="148"><span class="badge log fail-bg mr-2">Fail</span>User is able to navigate to tryeditor page and run invalid python code</div>
                    <div class="status-avatar float-right">
                      <i class="fa fa-paperclip"></i>
                    </div>
                </div>
              </div>
              <div class="card-body mt-3 ">
                  <div class="step fail-bg">
                    <span>When User click on Question2 its navigate to tryeditor page</span>
      <div>
        <textarea disabled class="code-block">org.openqa.selenium.NoSuchElementException: no such element: Unable to locate element: {"method":"link text","selector":"Max Consecutive Ones"}
  (Session info: chrome=112.0.5615.138)
For documentation on this error, please visit: https://selenium.dev/exceptions/#no_such_element
Build info: version: '4.8.3', revision: 'e5e76298c3'
System info: os.name: 'Windows 11', os.arch: 'amd64', os.version: '10.0', java.version: '19.0.2'
Driver info: org.openqa.selenium.chrome.ChromeDriver
Command: [c091e3438b055a32b30c9367a78f4bbe, findElement {using=link text, value=Max Consecutive Ones}]
Capabilities {acceptInsecureCerts: false, browserName: chrome, browserVersion: 112.0.5615.138, chrome: {chromedriverVersion: 112.0.5615.49 (bd2a7bcb881c..., userDataDir: C:\Users\sange\AppData\Loca...}, goog:chromeOptions: {debuggerAddress: localhost:50342}, networkConnectionEnabled: false, pageLoadStrategy: normal, platformName: WINDOWS, proxy: Proxy(), se:cdp: ws://localhost:50342/devtoo..., se:cdpVersion: 112.0.5615.138, setWindowRect: true, strictFileInteractability: false, timeouts: {implicit: 0, pageLoad: 300000, script: 30000}, unhandledPromptBehavior: dismiss and notify, webauthn:extension:credBlob: true, webauthn:extension:largeBlob: true, webauthn:extension:minPinLength: true, webauthn:extension:prf: true, webauthn:virtualAuthenticators: true}
Session ID: c091e3438b055a32b30c9367a78f4bbe
	at java.base/jdk.internal.reflect.DirectConstructorHandleAccessor.newInstance(DirectConstructorHandleAccessor.java:67)
	at java.base/java.lang.reflect.Constructor.newInstanceWithCaller(Constructor.java:500)
	at java.base/java.lang.reflect.Constructor.newInstance(Constructor.java:484)
	at org.openqa.selenium.remote.codec.w3c.W3CHttpResponseCodec.createException(W3CHttpResponseCodec.java:200)
	at org.openqa.selenium.remote.codec.w3c.W3CHttpResponseCodec.decode(W3CHttpResponseCodec.java:133)
	at org.openqa.selenium.remote.codec.w3c.W3CHttpResponseCodec.decode(W3CHttpResponseCodec.java:53)
	at org.openqa.selenium.remote.HttpCommandExecutor.execute(HttpCommandExecutor.java:193)
	at org.openqa.selenium.remote.service.DriverCommandExecutor.invokeExecute(DriverCommandExecutor.java:183)
	at org.openqa.selenium.remote.service.DriverCommandExecutor.execute(DriverCommandExecutor.java:158)
	at org.openqa.selenium.remote.RemoteWebDriver.execute(RemoteWebDriver.java:543)
	at org.openqa.selenium.remote.ElementLocation$ElementFinder$2.findElement(ElementLocation.java:162)
	at org.openqa.selenium.remote.ElementLocation.findElement(ElementLocation.java:60)
	at org.openqa.selenium.remote.RemoteWebDriver.findElement(RemoteWebDriver.java:352)
	at org.openqa.selenium.remote.RemoteWebDriver.findElement(RemoteWebDriver.java:344)
	at org.openqa.selenium.support.pagefactory.DefaultElementLocator.findElement(DefaultElementLocator.java:70)
	at org.openqa.selenium.support.pagefactory.internal.LocatingElementHandler.invoke(LocatingElementHandler.java:39)
	at jdk.proxy2/jdk.proxy2.$Proxy43.click(Unknown Source)
	at PageObjects.Arrays.que2(Arrays.java:104)
	at stepdefinitions.arraySteps.user_click_on_question2_its_navigate_to_tryeditor_page(arraySteps.java:163)
	at ✽.User click on Question2 its navigate to tryeditor page(file:///C:/Users/sange/eclipse-workspace/DS-ALGO109/src/test/resources/Features/5arrays.feature:135)
</textarea>
      
      </div>
                  </div>
                  <div class="step skip-bg">
                    <span>And User clear the tryeditor textbox</span>
      <div>Step skipped
      </div>
                  </div>
                  <div class="step skip-bg">
                    <span>When The user enter invalid python code in tryEditor from sheet "Sheet1" and 1</span>
      <div>Step skipped
      </div>
                  </div>
                  <div class="step skip-bg">
                    <span>And User click on run button</span>
      <div>Step skipped
      </div>
                  </div>
                  <div class="step skip-bg">
                    <span>Then User should get alert message</span>
      <div>Step skipped
      </div>
                  </div>
                  <div class="step pass-bg">
                    <span>Allhooks.Hooks.tearDown(io.cucumber.java.Scenario)</span>
      <div>User is able to navigate to tryeditor page and run invalid python code
          <div class="row mb-3"><div class="col-md-3">
<img data-featherlight='../ScreenShots/embedded12.png' src="../ScreenShots/embedded12.png">
    
    </div></div>
</div>
      <div>
      </div>
                  </div>
              </div>
            </div>
        </div>
  </div>
  <div class="card">
    <div class="card-header" role="tab">
      <div class="card-title">
        <div class="node" id="157"><span class="badge log fail-bg mr-2">Fail</span>User is able to navigate to tryeditor page and run valid python code</div>
          <div class="status-avatar float-right mr-4">
            <i class="fa fa-paperclip"></i>
          </div>
      </div>
    </div>
        <div class="scenario_outline ">
            <div class="card-body l1">
              <div class="card-header">
                <div class="card-title outline-child">
                  <div class="node" id="158"><span class="badge log fail-bg mr-2">Fail</span>User is able to navigate to tryeditor page and run valid python code</div>
                    <div class="status-avatar float-right">
                      <i class="fa fa-paperclip"></i>
                    </div>
                </div>
              </div>
              <div class="card-body mt-3 ">
                  <div class="step fail-bg">
                    <span>When User click on Question3 its navigate to tryeditor page</span>
      <div>
        <textarea disabled class="code-block">org.openqa.selenium.NoSuchElementException: no such element: Unable to locate element: {"method":"link text","selector":"Find Numbers with Even Number of Digits"}
  (Session info: chrome=112.0.5615.138)
For documentation on this error, please visit: https://selenium.dev/exceptions/#no_such_element
Build info: version: '4.8.3', revision: 'e5e76298c3'
System info: os.name: 'Windows 11', os.arch: 'amd64', os.version: '10.0', java.version: '19.0.2'
Driver info: org.openqa.selenium.chrome.ChromeDriver
Command: [c091e3438b055a32b30c9367a78f4bbe, findElement {using=link text, value=Find Numbers with Even Number of Digits}]
Capabilities {acceptInsecureCerts: false, browserName: chrome, browserVersion: 112.0.5615.138, chrome: {chromedriverVersion: 112.0.5615.49 (bd2a7bcb881c..., userDataDir: C:\Users\sange\AppData\Loca...}, goog:chromeOptions: {debuggerAddress: localhost:50342}, networkConnectionEnabled: false, pageLoadStrategy: normal, platformName: WINDOWS, proxy: Proxy(), se:cdp: ws://localhost:50342/devtoo..., se:cdpVersion: 112.0.5615.138, setWindowRect: true, strictFileInteractability: false, timeouts: {implicit: 0, pageLoad: 300000, script: 30000}, unhandledPromptBehavior: dismiss and notify, webauthn:extension:credBlob: true, webauthn:extension:largeBlob: true, webauthn:extension:minPinLength: true, webauthn:extension:prf: true, webauthn:virtualAuthenticators: true}
Session ID: c091e3438b055a32b30c9367a78f4bbe
	at java.base/jdk.internal.reflect.DirectConstructorHandleAccessor.newInstance(DirectConstructorHandleAccessor.java:67)
	at java.base/java.lang.reflect.Constructor.newInstanceWithCaller(Constructor.java:500)
	at java.base/java.lang.reflect.Constructor.newInstance(Constructor.java:484)
	at org.openqa.selenium.remote.codec.w3c.W3CHttpResponseCodec.createException(W3CHttpResponseCodec.java:200)
	at org.openqa.selenium.remote.codec.w3c.W3CHttpResponseCodec.decode(W3CHttpResponseCodec.java:133)
	at org.openqa.selenium.remote.codec.w3c.W3CHttpResponseCodec.decode(W3CHttpResponseCodec.java:53)
	at org.openqa.selenium.remote.HttpCommandExecutor.execute(HttpCommandExecutor.java:193)
	at org.openqa.selenium.remote.service.DriverCommandExecutor.invokeExecute(DriverCommandExecutor.java:183)
	at org.openqa.selenium.remote.service.DriverCommandExecutor.execute(DriverCommandExecutor.java:158)
	at org.openqa.selenium.remote.RemoteWebDriver.execute(RemoteWebDriver.java:543)
	at org.openqa.selenium.remote.ElementLocation$ElementFinder$2.findElement(ElementLocation.java:162)
	at org.openqa.selenium.remote.ElementLocation.findElement(ElementLocation.java:60)
	at org.openqa.selenium.remote.RemoteWebDriver.findElement(RemoteWebDriver.java:352)
	at org.openqa.selenium.remote.RemoteWebDriver.findElement(RemoteWebDriver.java:344)
	at org.openqa.selenium.support.pagefactory.DefaultElementLocator.findElement(DefaultElementLocator.java:70)
	at org.openqa.selenium.support.pagefactory.internal.LocatingElementHandler.invoke(LocatingElementHandler.java:39)
	at jdk.proxy2/jdk.proxy2.$Proxy43.click(Unknown Source)
	at PageObjects.Arrays.que3(Arrays.java:107)
	at stepdefinitions.arraySteps.user_click_on_question3_its_navigate_to_tryeditor_page(arraySteps.java:168)
	at ✽.User click on Question3 its navigate to tryeditor page(file:///C:/Users/sange/eclipse-workspace/DS-ALGO109/src/test/resources/Features/5arrays.feature:148)
</textarea>
      
      </div>
                  </div>
                  <div class="step skip-bg">
                    <span>And User clear the tryeditor textbox</span>
      <div>Step skipped
      </div>
                  </div>
                  <div class="step skip-bg">
                    <span>When The user enter valid python code in tryEditor from sheet "Sheet1" and 0</span>
      <div>Step skipped
      </div>
                  </div>
                  <div class="step skip-bg">
                    <span>And User click on run button</span>
      <div>Step skipped
      </div>
                  </div>
                  <div class="step skip-bg">
                    <span>Then User should be presented with run result</span>
      <div>Step skipped
      </div>
                  </div>
                  <div class="step pass-bg">
                    <span>Allhooks.Hooks.tearDown(io.cucumber.java.Scenario)</span>
      <div>User is able to navigate to tryeditor page and run valid python code
          <div class="row mb-3"><div class="col-md-3">
<img data-featherlight='../ScreenShots/embedded13.png' src="../ScreenShots/embedded13.png">
    
    </div></div>
</div>
      <div>
      </div>
                  </div>
              </div>
            </div>
        </div>
  </div>
  <div class="card">
    <div class="card-header" role="tab">
      <div class="card-title">
        <div class="node" id="167"><span class="badge log fail-bg mr-2">Fail</span>User is able to navigate to tryeditor page and run invalid python code</div>
          <div class="status-avatar float-right mr-4">
            <i class="fa fa-paperclip"></i>
          </div>
      </div>
    </div>
        <div class="scenario_outline ">
            <div class="card-body l1">
              <div class="card-header">
                <div class="card-title outline-child">
                  <div class="node" id="168"><span class="badge log fail-bg mr-2">Fail</span>User is able to navigate to tryeditor page and run invalid python code</div>
                    <div class="status-avatar float-right">
                      <i class="fa fa-paperclip"></i>
                    </div>
                </div>
              </div>
              <div class="card-body mt-3 ">
                  <div class="step fail-bg">
                    <span>When User click on Question3 its navigate to tryeditor page</span>
      <div>
        <textarea disabled class="code-block">org.openqa.selenium.NoSuchElementException: no such element: Unable to locate element: {"method":"link text","selector":"Find Numbers with Even Number of Digits"}
  (Session info: chrome=112.0.5615.138)
For documentation on this error, please visit: https://selenium.dev/exceptions/#no_such_element
Build info: version: '4.8.3', revision: 'e5e76298c3'
System info: os.name: 'Windows 11', os.arch: 'amd64', os.version: '10.0', java.version: '19.0.2'
Driver info: org.openqa.selenium.chrome.ChromeDriver
Command: [c091e3438b055a32b30c9367a78f4bbe, findElement {using=link text, value=Find Numbers with Even Number of Digits}]
Capabilities {acceptInsecureCerts: false, browserName: chrome, browserVersion: 112.0.5615.138, chrome: {chromedriverVersion: 112.0.5615.49 (bd2a7bcb881c..., userDataDir: C:\Users\sange\AppData\Loca...}, goog:chromeOptions: {debuggerAddress: localhost:50342}, networkConnectionEnabled: false, pageLoadStrategy: normal, platformName: WINDOWS, proxy: Proxy(), se:cdp: ws://localhost:50342/devtoo..., se:cdpVersion: 112.0.5615.138, setWindowRect: true, strictFileInteractability: false, timeouts: {implicit: 0, pageLoad: 300000, script: 30000}, unhandledPromptBehavior: dismiss and notify, webauthn:extension:credBlob: true, webauthn:extension:largeBlob: true, webauthn:extension:minPinLength: true, webauthn:extension:prf: true, webauthn:virtualAuthenticators: true}
Session ID: c091e3438b055a32b30c9367a78f4bbe
	at java.base/jdk.internal.reflect.DirectConstructorHandleAccessor.newInstance(DirectConstructorHandleAccessor.java:67)
	at java.base/java.lang.reflect.Constructor.newInstanceWithCaller(Constructor.java:500)
	at java.base/java.lang.reflect.Constructor.newInstance(Constructor.java:484)
	at org.openqa.selenium.remote.codec.w3c.W3CHttpResponseCodec.createException(W3CHttpResponseCodec.java:200)
	at org.openqa.selenium.remote.codec.w3c.W3CHttpResponseCodec.decode(W3CHttpResponseCodec.java:133)
	at org.openqa.selenium.remote.codec.w3c.W3CHttpResponseCodec.decode(W3CHttpResponseCodec.java:53)
	at org.openqa.selenium.remote.HttpCommandExecutor.execute(HttpCommandExecutor.java:193)
	at org.openqa.selenium.remote.service.DriverCommandExecutor.invokeExecute(DriverCommandExecutor.java:183)
	at org.openqa.selenium.remote.service.DriverCommandExecutor.execute(DriverCommandExecutor.java:158)
	at org.openqa.selenium.remote.RemoteWebDriver.execute(RemoteWebDriver.java:543)
	at org.openqa.selenium.remote.ElementLocation$ElementFinder$2.findElement(ElementLocation.java:162)
	at org.openqa.selenium.remote.ElementLocation.findElement(ElementLocation.java:60)
	at org.openqa.selenium.remote.RemoteWebDriver.findElement(RemoteWebDriver.java:352)
	at org.openqa.selenium.remote.RemoteWebDriver.findElement(RemoteWebDriver.java:344)
	at org.openqa.selenium.support.pagefactory.DefaultElementLocator.findElement(DefaultElementLocator.java:70)
	at org.openqa.selenium.support.pagefactory.internal.LocatingElementHandler.invoke(LocatingElementHandler.java:39)
	at jdk.proxy2/jdk.proxy2.$Proxy43.click(Unknown Source)
	at PageObjects.Arrays.que3(Arrays.java:107)
	at stepdefinitions.arraySteps.user_click_on_question3_its_navigate_to_tryeditor_page(arraySteps.java:168)
	at ✽.User click on Question3 its navigate to tryeditor page(file:///C:/Users/sange/eclipse-workspace/DS-ALGO109/src/test/resources/Features/5arrays.feature:161)
</textarea>
      
      </div>
                  </div>
                  <div class="step skip-bg">
                    <span>And User clear the tryeditor textbox</span>
      <div>Step skipped
      </div>
                  </div>
                  <div class="step skip-bg">
                    <span>When The user enter invalid python code in tryEditor from sheet "Sheet1" and 1</span>
      <div>Step skipped
      </div>
                  </div>
                  <div class="step skip-bg">
                    <span>And User click on run button</span>
      <div>Step skipped
      </div>
                  </div>
                  <div class="step skip-bg">
                    <span>Then User should get alert message</span>
      <div>Step skipped
      </div>
                  </div>
                  <div class="step pass-bg">
                    <span>Allhooks.Hooks.tearDown(io.cucumber.java.Scenario)</span>
      <div>User is able to navigate to tryeditor page and run invalid python code
          <div class="row mb-3"><div class="col-md-3">
<img data-featherlight='../ScreenShots/embedded14.png' src="../ScreenShots/embedded14.png">
    
    </div></div>
</div>
      <div>
      </div>
                  </div>
              </div>
            </div>
        </div>
  </div>
  <div class="card">
    <div class="card-header" role="tab">
      <div class="card-title">
        <div class="node" id="177"><span class="badge log fail-bg mr-2">Fail</span>User is able to navigate to tryeditor page and run valid python code</div>
          <div class="status-avatar float-right mr-4">
            <i class="fa fa-paperclip"></i>
          </div>
      </div>
    </div>
        <div class="scenario_outline ">
            <div class="card-body l1">
              <div class="card-header">
                <div class="card-title outline-child">
                  <div class="node" id="178"><span class="badge log fail-bg mr-2">Fail</span>User is able to navigate to tryeditor page and run valid python code</div>
                    <div class="status-avatar float-right">
                      <i class="fa fa-paperclip"></i>
                    </div>
                </div>
              </div>
              <div class="card-body mt-3 ">
                  <div class="step fail-bg">
                    <span>When User click on Question4 its navigate to tryeditor page</span>
      <div>
        <textarea disabled class="code-block">org.openqa.selenium.NoSuchElementException: no such element: Unable to locate element: {"method":"xpath","selector":"//a[text()='Squares of  a Sorted Array']"}
  (Session info: chrome=112.0.5615.138)
For documentation on this error, please visit: https://selenium.dev/exceptions/#no_such_element
Build info: version: '4.8.3', revision: 'e5e76298c3'
System info: os.name: 'Windows 11', os.arch: 'amd64', os.version: '10.0', java.version: '19.0.2'
Driver info: org.openqa.selenium.chrome.ChromeDriver
Command: [c091e3438b055a32b30c9367a78f4bbe, findElement {using=xpath, value=//a[text()='Squares of  a Sorted Array']}]
Capabilities {acceptInsecureCerts: false, browserName: chrome, browserVersion: 112.0.5615.138, chrome: {chromedriverVersion: 112.0.5615.49 (bd2a7bcb881c..., userDataDir: C:\Users\sange\AppData\Loca...}, goog:chromeOptions: {debuggerAddress: localhost:50342}, networkConnectionEnabled: false, pageLoadStrategy: normal, platformName: WINDOWS, proxy: Proxy(), se:cdp: ws://localhost:50342/devtoo..., se:cdpVersion: 112.0.5615.138, setWindowRect: true, strictFileInteractability: false, timeouts: {implicit: 0, pageLoad: 300000, script: 30000}, unhandledPromptBehavior: dismiss and notify, webauthn:extension:credBlob: true, webauthn:extension:largeBlob: true, webauthn:extension:minPinLength: true, webauthn:extension:prf: true, webauthn:virtualAuthenticators: true}
Session ID: c091e3438b055a32b30c9367a78f4bbe
	at java.base/jdk.internal.reflect.DirectConstructorHandleAccessor.newInstance(DirectConstructorHandleAccessor.java:67)
	at java.base/java.lang.reflect.Constructor.newInstanceWithCaller(Constructor.java:500)
	at java.base/java.lang.reflect.Constructor.newInstance(Constructor.java:484)
	at org.openqa.selenium.remote.codec.w3c.W3CHttpResponseCodec.createException(W3CHttpResponseCodec.java:200)
	at org.openqa.selenium.remote.codec.w3c.W3CHttpResponseCodec.decode(W3CHttpResponseCodec.java:133)
	at org.openqa.selenium.remote.codec.w3c.W3CHttpResponseCodec.decode(W3CHttpResponseCodec.java:53)
	at org.openqa.selenium.remote.HttpCommandExecutor.execute(HttpCommandExecutor.java:193)
	at org.openqa.selenium.remote.service.DriverCommandExecutor.invokeExecute(DriverCommandExecutor.java:183)
	at org.openqa.selenium.remote.service.DriverCommandExecutor.execute(DriverCommandExecutor.java:158)
	at org.openqa.selenium.remote.RemoteWebDriver.execute(RemoteWebDriver.java:543)
	at org.openqa.selenium.remote.ElementLocation$ElementFinder$2.findElement(ElementLocation.java:162)
	at org.openqa.selenium.remote.ElementLocation.findElement(ElementLocation.java:60)
	at org.openqa.selenium.remote.RemoteWebDriver.findElement(RemoteWebDriver.java:352)
	at org.openqa.selenium.remote.RemoteWebDriver.findElement(RemoteWebDriver.java:344)
	at org.openqa.selenium.support.pagefactory.DefaultElementLocator.findElement(DefaultElementLocator.java:70)
	at org.openqa.selenium.support.pagefactory.internal.LocatingElementHandler.invoke(LocatingElementHandler.java:39)
	at jdk.proxy2/jdk.proxy2.$Proxy43.click(Unknown Source)
	at PageObjects.Arrays.que4(Arrays.java:110)
	at stepdefinitions.arraySteps.user_click_on_question4_its_navigate_to_tryeditor_page(arraySteps.java:173)
	at ✽.User click on Question4 its navigate to tryeditor page(file:///C:/Users/sange/eclipse-workspace/DS-ALGO109/src/test/resources/Features/5arrays.feature:173)
</textarea>
      
      </div>
                  </div>
                  <div class="step skip-bg">
                    <span>And User clear the tryeditor textbox</span>
      <div>Step skipped
      </div>
                  </div>
                  <div class="step skip-bg">
                    <span>When The user enter valid python code in tryEditor from sheet "Sheet1" and 0</span>
      <div>Step skipped
      </div>
                  </div>
                  <div class="step skip-bg">
                    <span>And User click on run button</span>
      <div>Step skipped
      </div>
                  </div>
                  <div class="step skip-bg">
                    <span>Then User should be presented with run result</span>
      <div>Step skipped
      </div>
                  </div>
                  <div class="step pass-bg">
                    <span>Allhooks.Hooks.tearDown(io.cucumber.java.Scenario)</span>
      <div>User is able to navigate to tryeditor page and run valid python code
          <div class="row mb-3"><div class="col-md-3">
<img data-featherlight='../ScreenShots/embedded15.png' src="../ScreenShots/embedded15.png">
    
    </div></div>
</div>
      <div>
      </div>
                  </div>
              </div>
            </div>
        </div>
  </div>
  <div class="card">
    <div class="card-header" role="tab">
      <div class="card-title">
        <div class="node" id="187"><span class="badge log fail-bg mr-2">Fail</span>User is able to navigate to tryeditor page and run invalid python code</div>
          <div class="status-avatar float-right mr-4">
            <i class="fa fa-paperclip"></i>
          </div>
      </div>
    </div>
        <div class="scenario_outline ">
            <div class="card-body l1">
              <div class="card-header">
                <div class="card-title outline-child">
                  <div class="node" id="188"><span class="badge log fail-bg mr-2">Fail</span>User is able to navigate to tryeditor page and run invalid python code</div>
                    <div class="status-avatar float-right">
                      <i class="fa fa-paperclip"></i>
                    </div>
                </div>
              </div>
              <div class="card-body mt-3 ">
                  <div class="step fail-bg">
                    <span>When User click on Question4 its navigate to tryeditor page</span>
      <div>
        <textarea disabled class="code-block">org.openqa.selenium.NoSuchElementException: no such element: Unable to locate element: {"method":"xpath","selector":"//a[text()='Squares of  a Sorted Array']"}
  (Session info: chrome=112.0.5615.138)
For documentation on this error, please visit: https://selenium.dev/exceptions/#no_such_element
Build info: version: '4.8.3', revision: 'e5e76298c3'
System info: os.name: 'Windows 11', os.arch: 'amd64', os.version: '10.0', java.version: '19.0.2'
Driver info: org.openqa.selenium.chrome.ChromeDriver
Command: [c091e3438b055a32b30c9367a78f4bbe, findElement {using=xpath, value=//a[text()='Squares of  a Sorted Array']}]
Capabilities {acceptInsecureCerts: false, browserName: chrome, browserVersion: 112.0.5615.138, chrome: {chromedriverVersion: 112.0.5615.49 (bd2a7bcb881c..., userDataDir: C:\Users\sange\AppData\Loca...}, goog:chromeOptions: {debuggerAddress: localhost:50342}, networkConnectionEnabled: false, pageLoadStrategy: normal, platformName: WINDOWS, proxy: Proxy(), se:cdp: ws://localhost:50342/devtoo..., se:cdpVersion: 112.0.5615.138, setWindowRect: true, strictFileInteractability: false, timeouts: {implicit: 0, pageLoad: 300000, script: 30000}, unhandledPromptBehavior: dismiss and notify, webauthn:extension:credBlob: true, webauthn:extension:largeBlob: true, webauthn:extension:minPinLength: true, webauthn:extension:prf: true, webauthn:virtualAuthenticators: true}
Session ID: c091e3438b055a32b30c9367a78f4bbe
	at java.base/jdk.internal.reflect.DirectConstructorHandleAccessor.newInstance(DirectConstructorHandleAccessor.java:67)
	at java.base/java.lang.reflect.Constructor.newInstanceWithCaller(Constructor.java:500)
	at java.base/java.lang.reflect.Constructor.newInstance(Constructor.java:484)
	at org.openqa.selenium.remote.codec.w3c.W3CHttpResponseCodec.createException(W3CHttpResponseCodec.java:200)
	at org.openqa.selenium.remote.codec.w3c.W3CHttpResponseCodec.decode(W3CHttpResponseCodec.java:133)
	at org.openqa.selenium.remote.codec.w3c.W3CHttpResponseCodec.decode(W3CHttpResponseCodec.java:53)
	at org.openqa.selenium.remote.HttpCommandExecutor.execute(HttpCommandExecutor.java:193)
	at org.openqa.selenium.remote.service.DriverCommandExecutor.invokeExecute(DriverCommandExecutor.java:183)
	at org.openqa.selenium.remote.service.DriverCommandExecutor.execute(DriverCommandExecutor.java:158)
	at org.openqa.selenium.remote.RemoteWebDriver.execute(RemoteWebDriver.java:543)
	at org.openqa.selenium.remote.ElementLocation$ElementFinder$2.findElement(ElementLocation.java:162)
	at org.openqa.selenium.remote.ElementLocation.findElement(ElementLocation.java:60)
	at org.openqa.selenium.remote.RemoteWebDriver.findElement(RemoteWebDriver.java:352)
	at org.openqa.selenium.remote.RemoteWebDriver.findElement(RemoteWebDriver.java:344)
	at org.openqa.selenium.support.pagefactory.DefaultElementLocator.findElement(DefaultElementLocator.java:70)
	at org.openqa.selenium.support.pagefactory.internal.LocatingElementHandler.invoke(LocatingElementHandler.java:39)
	at jdk.proxy2/jdk.proxy2.$Proxy43.click(Unknown Source)
	at PageObjects.Arrays.que4(Arrays.java:110)
	at stepdefinitions.arraySteps.user_click_on_question4_its_navigate_to_tryeditor_page(arraySteps.java:173)
	at ✽.User click on Question4 its navigate to tryeditor page(file:///C:/Users/sange/eclipse-workspace/DS-ALGO109/src/test/resources/Features/5arrays.feature:186)
</textarea>
      
      </div>
                  </div>
                  <div class="step skip-bg">
                    <span>And User clear the tryeditor textbox</span>
      <div>Step skipped
      </div>
                  </div>
                  <div class="step skip-bg">
                    <span>When The user enter invalid python code in tryEditor from sheet "Sheet1" and 1</span>
      <div>Step skipped
      </div>
                  </div>
                  <div class="step skip-bg">
                    <span>And User click on run button</span>
      <div>Step skipped
      </div>
                  </div>
                  <div class="step skip-bg">
                    <span>Then User should get alert message</span>
      <div>Step skipped
      </div>
                  </div>
                  <div class="step pass-bg">
                    <span>Allhooks.Hooks.tearDown(io.cucumber.java.Scenario)</span>
      <div>User is able to navigate to tryeditor page and run invalid python code
          <div class="row mb-3"><div class="col-md-3">
<img data-featherlight='../ScreenShots/embedded16.png' src="../ScreenShots/embedded16.png">
    
    </div></div>
</div>
      <div>
      </div>
                  </div>
              </div>
            </div>
        </div>
  </div>
</div>
          </div>
        </li>
        <li class="test-item"  status="fail" test-id="197"
          author=""
          tag=""
          device="">
          <div class="test-detail">
            <p class="name">user navigate to stack module and able to try Python code both valid and invalid datas</p>
            <p class="text-sm">
              <span>9:55:26 AM</span> / <span>00:00:25:974</span>
              <span class="badge fail-bg log float-right">Fail</span>
            </p>
          </div>
          <div class="test-contents d-none">
<div class="detail-head">
<div class="p-v-10">
<div class="info">
<h5 class="test-status text-fail">user navigate to stack module and able to try Python code both valid and invalid datas</h5>
<span class='badge badge-success'>05.02.2023 9:55:26 AM</span>
<span class='badge badge-danger'>05.02.2023 9:55:52 AM</span>
<span class='badge badge-default'>00:00:25:974</span>
&middot; <span class='uri-anchor badge badge-default'>#test-id=197</span>
<span class='badge badge-default pointer float-right ml-1 et'><i class="fa fa-chevron-down"></i></span>
<span class='badge badge-default pointer float-right ct'><i class="fa fa-chevron-up"></i></span>
</div>
<div class="m-t-10 m-l-5">in Operations in Stack ,implementation, Applications pages</div>
</div>
</div>
<div class="accordion mt-4">
  <div class="card">
    <div class="card-header" role="tab">
      <div class="card-title">
        <div class="node" id="198"><span class="badge log fail-bg mr-2">Fail</span>User select Stack module from drop down</div>
          <div class="status-avatar float-right mr-4">
            <i class="fa fa-paperclip"></i>
          </div>
      </div>
    </div>
        <div class="">
          <div class="card-body">
              <div class="step fail-bg" title="stepdefinitions.Stacksteps.user_able_to_click_on_dropdown()">
                <span>Given user able to click on dropdown</span>
      <div>
        <textarea disabled class="code-block">org.openqa.selenium.NoSuchElementException: no such element: Unable to locate element: {"method":"xpath","selector":"//div[@class='nav-item dropdown']/a"}
  (Session info: chrome=112.0.5615.138)
For documentation on this error, please visit: https://selenium.dev/exceptions/#no_such_element
Build info: version: '4.8.3', revision: 'e5e76298c3'
System info: os.name: 'Windows 11', os.arch: 'amd64', os.version: '10.0', java.version: '19.0.2'
Driver info: org.openqa.selenium.chrome.ChromeDriver
Command: [c091e3438b055a32b30c9367a78f4bbe, findElement {using=xpath, value=//div[@class='nav-item dropdown']/a}]
Capabilities {acceptInsecureCerts: false, browserName: chrome, browserVersion: 112.0.5615.138, chrome: {chromedriverVersion: 112.0.5615.49 (bd2a7bcb881c..., userDataDir: C:\Users\sange\AppData\Loca...}, goog:chromeOptions: {debuggerAddress: localhost:50342}, networkConnectionEnabled: false, pageLoadStrategy: normal, platformName: WINDOWS, proxy: Proxy(), se:cdp: ws://localhost:50342/devtoo..., se:cdpVersion: 112.0.5615.138, setWindowRect: true, strictFileInteractability: false, timeouts: {implicit: 0, pageLoad: 300000, script: 30000}, unhandledPromptBehavior: dismiss and notify, webauthn:extension:credBlob: true, webauthn:extension:largeBlob: true, webauthn:extension:minPinLength: true, webauthn:extension:prf: true, webauthn:virtualAuthenticators: true}
Session ID: c091e3438b055a32b30c9367a78f4bbe
	at java.base/jdk.internal.reflect.DirectConstructorHandleAccessor.newInstance(DirectConstructorHandleAccessor.java:67)
	at java.base/java.lang.reflect.Constructor.newInstanceWithCaller(Constructor.java:500)
	at java.base/java.lang.reflect.Constructor.newInstance(Constructor.java:484)
	at org.openqa.selenium.remote.codec.w3c.W3CHttpResponseCodec.createException(W3CHttpResponseCodec.java:200)
	at org.openqa.selenium.remote.codec.w3c.W3CHttpResponseCodec.decode(W3CHttpResponseCodec.java:133)
	at org.openqa.selenium.remote.codec.w3c.W3CHttpResponseCodec.decode(W3CHttpResponseCodec.java:53)
	at org.openqa.selenium.remote.HttpCommandExecutor.execute(HttpCommandExecutor.java:193)
	at org.openqa.selenium.remote.service.DriverCommandExecutor.invokeExecute(DriverCommandExecutor.java:183)
	at org.openqa.selenium.remote.service.DriverCommandExecutor.execute(DriverCommandExecutor.java:158)
	at org.openqa.selenium.remote.RemoteWebDriver.execute(RemoteWebDriver.java:543)
	at org.openqa.selenium.remote.ElementLocation$ElementFinder$2.findElement(ElementLocation.java:162)
	at org.openqa.selenium.remote.ElementLocation.findElement(ElementLocation.java:60)
	at org.openqa.selenium.remote.RemoteWebDriver.findElement(RemoteWebDriver.java:352)
	at org.openqa.selenium.remote.RemoteWebDriver.findElement(RemoteWebDriver.java:344)
	at org.openqa.selenium.support.pagefactory.DefaultElementLocator.findElement(DefaultElementLocator.java:70)
	at org.openqa.selenium.support.pagefactory.internal.LocatingElementHandler.invoke(LocatingElementHandler.java:39)
	at jdk.proxy2/jdk.proxy2.$Proxy43.click(Unknown Source)
	at PageObjects.HomePage.dropDownclk(HomePage.java:60)
	at stepdefinitions.Stacksteps.user_able_to_click_on_dropdown(Stacksteps.java:39)
	at ✽.user able to click on dropdown(file:///C:/Users/sange/eclipse-workspace/DS-ALGO109/src/test/resources/Features/Stack.feature:25)
</textarea>
      
      </div>
              </div>
              <div class="step skip-bg" title="stepdefinitions.Stacksteps.user_select_stack_option()">
                <span>When user select stack option</span>
      <div>Step skipped
      </div>
              </div>
              <div class="step skip-bg" title="stepdefinitions.Stacksteps.user_selct_operations_in_stack()">
                <span>And user select operations in stack</span>
      <div>Step skipped
      </div>
              </div>
              <div class="step pass-bg" title="AFTER">
                <span>Allhooks.Hooks.tearDown(io.cucumber.java.Scenario)</span>
      <div>User select Stack module from drop down
          <div class="row mb-3"><div class="col-md-3">
<img data-featherlight='../ScreenShots/embedded17.png' src="../ScreenShots/embedded17.png">
    
    </div></div>
</div>
      <div>
      </div>
              </div>
          </div>
        </div>
  </div>
  <div class="card">
    <div class="card-header" role="tab">
      <div class="card-title">
        <div class="node" id="205"><span class="badge log fail-bg mr-2">Fail</span>user try python code after clicked Try here button for validation</div>
          <div class="status-avatar float-right mr-4">
            <i class="fa fa-paperclip"></i>
          </div>
      </div>
    </div>
        <div class="scenario_outline ">
            <div class="card-body l1">
              <div class="card-header">
                <div class="card-title outline-child">
                  <div class="node" id="206"><span class="badge log fail-bg mr-2">Fail</span>user try python code after clicked Try here button for validation</div>
                    <div class="status-avatar float-right">
                      <i class="fa fa-paperclip"></i>
                    </div>
                </div>
              </div>
              <div class="card-body mt-3 ">
                  <div class="step fail-bg">
                    <span>Given user click on Try Here button</span>
      <div>
        <textarea disabled class="code-block">org.openqa.selenium.NoSuchElementException: no such element: Unable to locate element: {"method":"link text","selector":"Try here>>>"}
  (Session info: chrome=112.0.5615.138)
For documentation on this error, please visit: https://selenium.dev/exceptions/#no_such_element
Build info: version: '4.8.3', revision: 'e5e76298c3'
System info: os.name: 'Windows 11', os.arch: 'amd64', os.version: '10.0', java.version: '19.0.2'
Driver info: org.openqa.selenium.chrome.ChromeDriver
Command: [c091e3438b055a32b30c9367a78f4bbe, findElement {using=link text, value=Try here>>>}]
Capabilities {acceptInsecureCerts: false, browserName: chrome, browserVersion: 112.0.5615.138, chrome: {chromedriverVersion: 112.0.5615.49 (bd2a7bcb881c..., userDataDir: C:\Users\sange\AppData\Loca...}, goog:chromeOptions: {debuggerAddress: localhost:50342}, networkConnectionEnabled: false, pageLoadStrategy: normal, platformName: WINDOWS, proxy: Proxy(), se:cdp: ws://localhost:50342/devtoo..., se:cdpVersion: 112.0.5615.138, setWindowRect: true, strictFileInteractability: false, timeouts: {implicit: 0, pageLoad: 300000, script: 30000}, unhandledPromptBehavior: dismiss and notify, webauthn:extension:credBlob: true, webauthn:extension:largeBlob: true, webauthn:extension:minPinLength: true, webauthn:extension:prf: true, webauthn:virtualAuthenticators: true}
Session ID: c091e3438b055a32b30c9367a78f4bbe
	at java.base/jdk.internal.reflect.DirectConstructorHandleAccessor.newInstance(DirectConstructorHandleAccessor.java:67)
	at java.base/java.lang.reflect.Constructor.newInstanceWithCaller(Constructor.java:500)
	at java.base/java.lang.reflect.Constructor.newInstance(Constructor.java:484)
	at org.openqa.selenium.remote.codec.w3c.W3CHttpResponseCodec.createException(W3CHttpResponseCodec.java:200)
	at org.openqa.selenium.remote.codec.w3c.W3CHttpResponseCodec.decode(W3CHttpResponseCodec.java:133)
	at org.openqa.selenium.remote.codec.w3c.W3CHttpResponseCodec.decode(W3CHttpResponseCodec.java:53)
	at org.openqa.selenium.remote.HttpCommandExecutor.execute(HttpCommandExecutor.java:193)
	at org.openqa.selenium.remote.service.DriverCommandExecutor.invokeExecute(DriverCommandExecutor.java:183)
	at org.openqa.selenium.remote.service.DriverCommandExecutor.execute(DriverCommandExecutor.java:158)
	at org.openqa.selenium.remote.RemoteWebDriver.execute(RemoteWebDriver.java:543)
	at org.openqa.selenium.remote.ElementLocation$ElementFinder$2.findElement(ElementLocation.java:162)
	at org.openqa.selenium.remote.ElementLocation.findElement(ElementLocation.java:60)
	at org.openqa.selenium.remote.RemoteWebDriver.findElement(RemoteWebDriver.java:352)
	at org.openqa.selenium.remote.RemoteWebDriver.findElement(RemoteWebDriver.java:344)
	at org.openqa.selenium.support.pagefactory.DefaultElementLocator.findElement(DefaultElementLocator.java:70)
	at org.openqa.selenium.support.pagefactory.internal.LocatingElementHandler.invoke(LocatingElementHandler.java:39)
	at jdk.proxy2/jdk.proxy2.$Proxy43.click(Unknown Source)
	at PageObjects.StackPage.trybtnclk(StackPage.java:52)
	at stepdefinitions.Stacksteps.user_click_on_try_here_button(Stacksteps.java:60)
	at ✽.user click on Try Here button(file:///C:/Users/sange/eclipse-workspace/DS-ALGO109/src/test/resources/Features/Stack.feature:32)
</textarea>
      
      </div>
                  </div>
                  <div class="step skip-bg">
                    <span>When user enter valid python code from given "Sheet1" and 0</span>
      <div>Step skipped
      </div>
                  </div>
                  <div class="step skip-bg">
                    <span>And user click run button</span>
      <div>Step skipped
      </div>
                  </div>
                  <div class="step skip-bg">
                    <span>Then user should see output</span>
      <div>Step skipped
      </div>
                  </div>
                  <div class="step pass-bg">
                    <span>Allhooks.Hooks.tearDown(io.cucumber.java.Scenario)</span>
      <div>user try python code after clicked Try here button for validation
          <div class="row mb-3"><div class="col-md-3">
<img data-featherlight='../ScreenShots/embedded18.png' src="../ScreenShots/embedded18.png">
    
    </div></div>
</div>
      <div>
      </div>
                  </div>
              </div>
            </div>
        </div>
  </div>
  <div class="card">
    <div class="card-header" role="tab">
      <div class="card-title">
        <div class="node" id="214"><span class="badge log fail-bg mr-2">Fail</span>user try python code after clicked Try here button for invalidation</div>
          <div class="status-avatar float-right mr-4">
            <i class="fa fa-paperclip"></i>
          </div>
      </div>
    </div>
        <div class="scenario_outline ">
            <div class="card-body l1">
              <div class="card-header">
                <div class="card-title outline-child">
                  <div class="node" id="215"><span class="badge log fail-bg mr-2">Fail</span>user try python code after clicked Try here button for invalidation</div>
                    <div class="status-avatar float-right">
                      <i class="fa fa-paperclip"></i>
                    </div>
                </div>
              </div>
              <div class="card-body mt-3 ">
                  <div class="step fail-bg">
                    <span>Given user click on Try Here button</span>
      <div>
        <textarea disabled class="code-block">org.openqa.selenium.NoSuchElementException: no such element: Unable to locate element: {"method":"link text","selector":"Try here>>>"}
  (Session info: chrome=112.0.5615.138)
For documentation on this error, please visit: https://selenium.dev/exceptions/#no_such_element
Build info: version: '4.8.3', revision: 'e5e76298c3'
System info: os.name: 'Windows 11', os.arch: 'amd64', os.version: '10.0', java.version: '19.0.2'
Driver info: org.openqa.selenium.chrome.ChromeDriver
Command: [c091e3438b055a32b30c9367a78f4bbe, findElement {using=link text, value=Try here>>>}]
Capabilities {acceptInsecureCerts: false, browserName: chrome, browserVersion: 112.0.5615.138, chrome: {chromedriverVersion: 112.0.5615.49 (bd2a7bcb881c..., userDataDir: C:\Users\sange\AppData\Loca...}, goog:chromeOptions: {debuggerAddress: localhost:50342}, networkConnectionEnabled: false, pageLoadStrategy: normal, platformName: WINDOWS, proxy: Proxy(), se:cdp: ws://localhost:50342/devtoo..., se:cdpVersion: 112.0.5615.138, setWindowRect: true, strictFileInteractability: false, timeouts: {implicit: 0, pageLoad: 300000, script: 30000}, unhandledPromptBehavior: dismiss and notify, webauthn:extension:credBlob: true, webauthn:extension:largeBlob: true, webauthn:extension:minPinLength: true, webauthn:extension:prf: true, webauthn:virtualAuthenticators: true}
Session ID: c091e3438b055a32b30c9367a78f4bbe
	at java.base/jdk.internal.reflect.DirectConstructorHandleAccessor.newInstance(DirectConstructorHandleAccessor.java:67)
	at java.base/java.lang.reflect.Constructor.newInstanceWithCaller(Constructor.java:500)
	at java.base/java.lang.reflect.Constructor.newInstance(Constructor.java:484)
	at org.openqa.selenium.remote.codec.w3c.W3CHttpResponseCodec.createException(W3CHttpResponseCodec.java:200)
	at org.openqa.selenium.remote.codec.w3c.W3CHttpResponseCodec.decode(W3CHttpResponseCodec.java:133)
	at org.openqa.selenium.remote.codec.w3c.W3CHttpResponseCodec.decode(W3CHttpResponseCodec.java:53)
	at org.openqa.selenium.remote.HttpCommandExecutor.execute(HttpCommandExecutor.java:193)
	at org.openqa.selenium.remote.service.DriverCommandExecutor.invokeExecute(DriverCommandExecutor.java:183)
	at org.openqa.selenium.remote.service.DriverCommandExecutor.execute(DriverCommandExecutor.java:158)
	at org.openqa.selenium.remote.RemoteWebDriver.execute(RemoteWebDriver.java:543)
	at org.openqa.selenium.remote.ElementLocation$ElementFinder$2.findElement(ElementLocation.java:162)
	at org.openqa.selenium.remote.ElementLocation.findElement(ElementLocation.java:60)
	at org.openqa.selenium.remote.RemoteWebDriver.findElement(RemoteWebDriver.java:352)
	at org.openqa.selenium.remote.RemoteWebDriver.findElement(RemoteWebDriver.java:344)
	at org.openqa.selenium.support.pagefactory.DefaultElementLocator.findElement(DefaultElementLocator.java:70)
	at org.openqa.selenium.support.pagefactory.internal.LocatingElementHandler.invoke(LocatingElementHandler.java:39)
	at jdk.proxy2/jdk.proxy2.$Proxy43.click(Unknown Source)
	at PageObjects.StackPage.trybtnclk(StackPage.java:52)
	at stepdefinitions.Stacksteps.user_click_on_try_here_button(Stacksteps.java:60)
	at ✽.user click on Try Here button(file:///C:/Users/sange/eclipse-workspace/DS-ALGO109/src/test/resources/Features/Stack.feature:43)
</textarea>
      
      </div>
                  </div>
                  <div class="step skip-bg">
                    <span>When user enter invalid python code from given "Sheet1" and 1</span>
      <div>Step skipped
      </div>
                  </div>
                  <div class="step skip-bg">
                    <span>And user click run button</span>
      <div>Step skipped
      </div>
                  </div>
                  <div class="step skip-bg">
                    <span>Then user should get alert</span>
      <div>Step skipped
      </div>
                  </div>
                  <div class="step pass-bg">
                    <span>Allhooks.Hooks.tearDown(io.cucumber.java.Scenario)</span>
      <div>user try python code after clicked Try here button for invalidation
          <div class="row mb-3"><div class="col-md-3">
<img data-featherlight='../ScreenShots/embedded19.png' src="../ScreenShots/embedded19.png">
    
    </div></div>
</div>
      <div>
      </div>
                  </div>
              </div>
            </div>
        </div>
  </div>
  <div class="card">
    <div class="card-header" role="tab">
      <div class="card-title">
        <div class="node" id="223"><span class="badge log fail-bg mr-2">Fail</span>user try python code after clicked Try here button in implenation page</div>
          <div class="status-avatar float-right mr-4">
            <i class="fa fa-paperclip"></i>
          </div>
      </div>
    </div>
        <div class="scenario_outline ">
            <div class="card-body l1">
              <div class="card-header">
                <div class="card-title outline-child">
                  <div class="node" id="224"><span class="badge log fail-bg mr-2">Fail</span>user try python code after clicked Try here button in implenation page</div>
                    <div class="status-avatar float-right">
                      <i class="fa fa-paperclip"></i>
                    </div>
                </div>
              </div>
              <div class="card-body mt-3 ">
                  <div class="step fail-bg">
                    <span>Given user select implementation</span>
      <div>
        <textarea disabled class="code-block">org.openqa.selenium.NoSuchElementException: no such element: Unable to locate element: {"method":"link text","selector":"Implementation"}
  (Session info: chrome=112.0.5615.138)
For documentation on this error, please visit: https://selenium.dev/exceptions/#no_such_element
Build info: version: '4.8.3', revision: 'e5e76298c3'
System info: os.name: 'Windows 11', os.arch: 'amd64', os.version: '10.0', java.version: '19.0.2'
Driver info: org.openqa.selenium.chrome.ChromeDriver
Command: [c091e3438b055a32b30c9367a78f4bbe, findElement {using=link text, value=Implementation}]
Capabilities {acceptInsecureCerts: false, browserName: chrome, browserVersion: 112.0.5615.138, chrome: {chromedriverVersion: 112.0.5615.49 (bd2a7bcb881c..., userDataDir: C:\Users\sange\AppData\Loca...}, goog:chromeOptions: {debuggerAddress: localhost:50342}, networkConnectionEnabled: false, pageLoadStrategy: normal, platformName: WINDOWS, proxy: Proxy(), se:cdp: ws://localhost:50342/devtoo..., se:cdpVersion: 112.0.5615.138, setWindowRect: true, strictFileInteractability: false, timeouts: {implicit: 0, pageLoad: 300000, script: 30000}, unhandledPromptBehavior: dismiss and notify, webauthn:extension:credBlob: true, webauthn:extension:largeBlob: true, webauthn:extension:minPinLength: true, webauthn:extension:prf: true, webauthn:virtualAuthenticators: true}
Session ID: c091e3438b055a32b30c9367a78f4bbe
	at java.base/jdk.internal.reflect.DirectConstructorHandleAccessor.newInstance(DirectConstructorHandleAccessor.java:67)
	at java.base/java.lang.reflect.Constructor.newInstanceWithCaller(Constructor.java:500)
	at java.base/java.lang.reflect.Constructor.newInstance(Constructor.java:484)
	at org.openqa.selenium.remote.codec.w3c.W3CHttpResponseCodec.createException(W3CHttpResponseCodec.java:200)
	at org.openqa.selenium.remote.codec.w3c.W3CHttpResponseCodec.decode(W3CHttpResponseCodec.java:133)
	at org.openqa.selenium.remote.codec.w3c.W3CHttpResponseCodec.decode(W3CHttpResponseCodec.java:53)
	at org.openqa.selenium.remote.HttpCommandExecutor.execute(HttpCommandExecutor.java:193)
	at org.openqa.selenium.remote.service.DriverCommandExecutor.invokeExecute(DriverCommandExecutor.java:183)
	at org.openqa.selenium.remote.service.DriverCommandExecutor.execute(DriverCommandExecutor.java:158)
	at org.openqa.selenium.remote.RemoteWebDriver.execute(RemoteWebDriver.java:543)
	at org.openqa.selenium.remote.ElementLocation$ElementFinder$2.findElement(ElementLocation.java:162)
	at org.openqa.selenium.remote.ElementLocation.findElement(ElementLocation.java:60)
	at org.openqa.selenium.remote.RemoteWebDriver.findElement(RemoteWebDriver.java:352)
	at org.openqa.selenium.remote.RemoteWebDriver.findElement(RemoteWebDriver.java:344)
	at org.openqa.selenium.support.pagefactory.DefaultElementLocator.findElement(DefaultElementLocator.java:70)
	at org.openqa.selenium.support.pagefactory.internal.LocatingElementHandler.invoke(LocatingElementHandler.java:39)
	at jdk.proxy2/jdk.proxy2.$Proxy43.click(Unknown Source)
	at PageObjects.StackPage.menuselection(StackPage.java:40)
	at stepdefinitions.Stacksteps.user_select_implementation(Stacksteps.java:129)
	at ✽.user select implementation(file:///C:/Users/sange/eclipse-workspace/DS-ALGO109/src/test/resources/Features/Stack.feature:58)
</textarea>
      
      </div>
                  </div>
                  <div class="step skip-bg">
                    <span>And user click on Try Here button</span>
      <div>Step skipped
      </div>
                  </div>
                  <div class="step skip-bg">
                    <span>When user enter valid python code for implenetation from given "Sheet1" and 0</span>
      <div>Step skipped
      </div>
                  </div>
                  <div class="step skip-bg">
                    <span>And user click run button</span>
      <div>Step skipped
      </div>
                  </div>
                  <div class="step skip-bg">
                    <span>Then user should see output</span>
      <div>Step skipped
      </div>
                  </div>
                  <div class="step pass-bg">
                    <span>Allhooks.Hooks.tearDown(io.cucumber.java.Scenario)</span>
      <div>user try python code after clicked Try here button in implenation page
          <div class="row mb-3"><div class="col-md-3">
<img data-featherlight='../ScreenShots/embedded20.png' src="../ScreenShots/embedded20.png">
    
    </div></div>
</div>
      <div>
      </div>
                  </div>
              </div>
            </div>
        </div>
  </div>
  <div class="card">
    <div class="card-header" role="tab">
      <div class="card-title">
        <div class="node" id="233"><span class="badge log fail-bg mr-2">Fail</span>user try python code after clicked Try here button in implenetation page</div>
          <div class="status-avatar float-right mr-4">
            <i class="fa fa-paperclip"></i>
          </div>
      </div>
    </div>
        <div class="scenario_outline ">
            <div class="card-body l1">
              <div class="card-header">
                <div class="card-title outline-child">
                  <div class="node" id="234"><span class="badge log fail-bg mr-2">Fail</span>user try python code after clicked Try here button in implenetation page</div>
                    <div class="status-avatar float-right">
                      <i class="fa fa-paperclip"></i>
                    </div>
                </div>
              </div>
              <div class="card-body mt-3 ">
                  <div class="step fail-bg">
                    <span>Given user click on Try Here button</span>
      <div>
        <textarea disabled class="code-block">org.openqa.selenium.NoSuchElementException: no such element: Unable to locate element: {"method":"link text","selector":"Try here>>>"}
  (Session info: chrome=112.0.5615.138)
For documentation on this error, please visit: https://selenium.dev/exceptions/#no_such_element
Build info: version: '4.8.3', revision: 'e5e76298c3'
System info: os.name: 'Windows 11', os.arch: 'amd64', os.version: '10.0', java.version: '19.0.2'
Driver info: org.openqa.selenium.chrome.ChromeDriver
Command: [c091e3438b055a32b30c9367a78f4bbe, findElement {using=link text, value=Try here>>>}]
Capabilities {acceptInsecureCerts: false, browserName: chrome, browserVersion: 112.0.5615.138, chrome: {chromedriverVersion: 112.0.5615.49 (bd2a7bcb881c..., userDataDir: C:\Users\sange\AppData\Loca...}, goog:chromeOptions: {debuggerAddress: localhost:50342}, networkConnectionEnabled: false, pageLoadStrategy: normal, platformName: WINDOWS, proxy: Proxy(), se:cdp: ws://localhost:50342/devtoo..., se:cdpVersion: 112.0.5615.138, setWindowRect: true, strictFileInteractability: false, timeouts: {implicit: 0, pageLoad: 300000, script: 30000}, unhandledPromptBehavior: dismiss and notify, webauthn:extension:credBlob: true, webauthn:extension:largeBlob: true, webauthn:extension:minPinLength: true, webauthn:extension:prf: true, webauthn:virtualAuthenticators: true}
Session ID: c091e3438b055a32b30c9367a78f4bbe
	at java.base/jdk.internal.reflect.DirectConstructorHandleAccessor.newInstance(DirectConstructorHandleAccessor.java:67)
	at java.base/java.lang.reflect.Constructor.newInstanceWithCaller(Constructor.java:500)
	at java.base/java.lang.reflect.Constructor.newInstance(Constructor.java:484)
	at org.openqa.selenium.remote.codec.w3c.W3CHttpResponseCodec.createException(W3CHttpResponseCodec.java:200)
	at org.openqa.selenium.remote.codec.w3c.W3CHttpResponseCodec.decode(W3CHttpResponseCodec.java:133)
	at org.openqa.selenium.remote.codec.w3c.W3CHttpResponseCodec.decode(W3CHttpResponseCodec.java:53)
	at org.openqa.selenium.remote.HttpCommandExecutor.execute(HttpCommandExecutor.java:193)
	at org.openqa.selenium.remote.service.DriverCommandExecutor.invokeExecute(DriverCommandExecutor.java:183)
	at org.openqa.selenium.remote.service.DriverCommandExecutor.execute(DriverCommandExecutor.java:158)
	at org.openqa.selenium.remote.RemoteWebDriver.execute(RemoteWebDriver.java:543)
	at org.openqa.selenium.remote.ElementLocation$ElementFinder$2.findElement(ElementLocation.java:162)
	at org.openqa.selenium.remote.ElementLocation.findElement(ElementLocation.java:60)
	at org.openqa.selenium.remote.RemoteWebDriver.findElement(RemoteWebDriver.java:352)
	at org.openqa.selenium.remote.RemoteWebDriver.findElement(RemoteWebDriver.java:344)
	at org.openqa.selenium.support.pagefactory.DefaultElementLocator.findElement(DefaultElementLocator.java:70)
	at org.openqa.selenium.support.pagefactory.internal.LocatingElementHandler.invoke(LocatingElementHandler.java:39)
	at jdk.proxy2/jdk.proxy2.$Proxy43.click(Unknown Source)
	at PageObjects.StackPage.trybtnclk(StackPage.java:52)
	at stepdefinitions.Stacksteps.user_click_on_try_here_button(Stacksteps.java:60)
	at ✽.user click on Try Here button(file:///C:/Users/sange/eclipse-workspace/DS-ALGO109/src/test/resources/Features/Stack.feature:71)
</textarea>
      
      </div>
                  </div>
                  <div class="step skip-bg">
                    <span>When user enter invalid python code for implenetation from given "Sheet1" and 1</span>
      <div>Step skipped
      </div>
                  </div>
                  <div class="step skip-bg">
                    <span>And user click run button</span>
      <div>Step skipped
      </div>
                  </div>
                  <div class="step skip-bg">
                    <span>Then user should get alert</span>
      <div>Step skipped
      </div>
                  </div>
                  <div class="step pass-bg">
                    <span>Allhooks.Hooks.tearDown(io.cucumber.java.Scenario)</span>
      <div>user try python code after clicked Try here button in implenetation page
          <div class="row mb-3"><div class="col-md-3">
<img data-featherlight='../ScreenShots/embedded21.png' src="../ScreenShots/embedded21.png">
    
    </div></div>
</div>
      <div>
      </div>
                  </div>
              </div>
            </div>
        </div>
  </div>
</div>
          </div>
        </li>
      </ul>
    </div>
  </div>
<div class="test-content scrollable">
<div class="test-content-tools">
<ul><li><a class="back-to-test" href="#"><i class="fa fa-arrow-left"></i></a></li></ul>
</div>
<div class="test-content-detail"><div class="detail-body"></div></div>
</div></div>
<div class="test-wrapper row view exception-view attributes-view">
<div class="test-list">
<div class="test-list-tools">
<ul class="tools pull-left"><li><a href=""><span class="font-size-14">Exception</span></a></li></ul>
<ul class="tools text-right"><li><a href="#"><span class="badge badge-primary">2</span></a></li></ul>
</div>
<div class="test-list-wrapper scrollable">
<ul class="test-list-item">
<li class="test-item">
<div class="test-detail">
<span class="meta">
<span class='badge log badge-danger'>1</span>
</span>
<p class="name">java.lang.IllegalArgumentException</p>
<p class="duration text-sm">1 tests</p>
</div>
<div class="test-contents d-none">
<div class="info">
<h4>java.lang.IllegalArgumentException</h4>
<span status="fail" class='badge log badge-danger'>1 failed</span>
</div>
<table class='table table-sm mt-4'>
<thead>
<tr>
<th class="status-col">Status</th>
<th class="timestamp-col">Timestamp</th>
<th>TestName</th>
</tr>
</thead>
<tbody>
<tr class="tag-test-status" status="fail">
<td><span class="badge log fail-bg">Fail</span></td>
<td>09:54:08 AM</td>
<td>
<a href="#" class="linked" test-id='31' id='43'>When The user enter valid python code in tryEditor from sheet "Sheet1" and 0</a>
<div class="">
<span class="badge badge-default">Evaluate arrays module.User is able to navigate to tryeditor page and run valid python code.When The user enter valid python code in tryEditor from sheet "Sheet1" and 0</span>
</div>
</td>
</tr>
</tbody>
</table>
</div>
</li>
<li class="test-item">
<div class="test-detail">
<span class="meta">
<span class='badge log badge-danger'>20</span>
</span>
<p class="name">org.openqa.selenium.NoSuchElementException</p>
<p class="duration text-sm">20 tests</p>
</div>
<div class="test-contents d-none">
<div class="info">
<h4>org.openqa.selenium.NoSuchElementException</h4>
<span status="fail" class='badge log badge-danger'>20 failed</span>
</div>
<table class='table table-sm mt-4'>
<thead>
<tr>
<th class="status-col">Status</th>
<th class="timestamp-col">Timestamp</th>
<th>TestName</th>
</tr>
</thead>
<tbody>
<tr class="tag-test-status" status="fail">
<td><span class="badge log fail-bg">Fail</span></td>
<td>09:54:08 AM</td>
<td>
<a href="#" class="linked" test-id='31' id='51'>Given User click on Try here button on Arrays in Python page and navigate to try edidor page</a>
<div class="">
<span class="badge badge-default">Evaluate arrays module.User is able to navigate to tryeditor page and run invalid python code.Given User click on Try here button on Arrays in Python page and navigate to try edidor page</span>
</div>
</td>
</tr>
<tr class="tag-test-status" status="fail">
<td><span class="badge log fail-bg">Fail</span></td>
<td>09:54:13 AM</td>
<td>
<a href="#" class="linked" test-id='31' id='60'>Given User click on Arrays Using List topic</a>
<div class="">
<span class="badge badge-default">Evaluate arrays module.User is able to navigate to tryeditor page and run valid python code.Given User click on Arrays Using List topic</span>
</div>
</td>
</tr>
<tr class="tag-test-status" status="fail">
<td><span class="badge log fail-bg">Fail</span></td>
<td>09:54:18 AM</td>
<td>
<a href="#" class="linked" test-id='31' id='70'>Given User click on Arrays Using List topic</a>
<div class="">
<span class="badge badge-default">Evaluate arrays module.User is able to navigate to tryeditor page and run invalid python code.Given User click on Arrays Using List topic</span>
</div>
</td>
</tr>
<tr class="tag-test-status" status="fail">
<td><span class="badge log fail-bg">Fail</span></td>
<td>09:54:23 AM</td>
<td>
<a href="#" class="linked" test-id='31' id='80'>Given User click on basic Operations in Lists</a>
<div class="">
<span class="badge badge-default">Evaluate arrays module.User is able to navigate to tryeditor page and run valid python code.Given User click on basic Operations in Lists</span>
</div>
</td>
</tr>
<tr class="tag-test-status" status="fail">
<td><span class="badge log fail-bg">Fail</span></td>
<td>09:54:29 AM</td>
<td>
<a href="#" class="linked" test-id='31' id='90'>Given User click on basic Operations in Lists</a>
<div class="">
<span class="badge badge-default">Evaluate arrays module.User is able to navigate to tryeditor page and run invalid python code.Given User click on basic Operations in Lists</span>
</div>
</td>
</tr>
<tr class="tag-test-status" status="fail">
<td><span class="badge log fail-bg">Fail</span></td>
<td>09:54:34 AM</td>
<td>
<a href="#" class="linked" test-id='31' id='100'>Given User click on Applications of Array</a>
<div class="">
<span class="badge badge-default">Evaluate arrays module.User is able to navigate to tryeditor page and run valid python code.Given User click on Applications of Array</span>
</div>
</td>
</tr>
<tr class="tag-test-status" status="fail">
<td><span class="badge log fail-bg">Fail</span></td>
<td>09:54:39 AM</td>
<td>
<a href="#" class="linked" test-id='31' id='110'>Given User click on Applications of Array</a>
<div class="">
<span class="badge badge-default">Evaluate arrays module.User is able to navigate to tryeditor page and run invalid python code.Given User click on Applications of Array</span>
</div>
</td>
</tr>
<tr class="tag-test-status" status="fail">
<td><span class="badge log fail-bg">Fail</span></td>
<td>09:54:44 AM</td>
<td>
<a href="#" class="linked" test-id='31' id='120'>Given User click on Practies Questions</a>
<div class="">
<span class="badge badge-default">Evaluate arrays module.User is able to navigate to tryeditor page and run valid python code.Given User click on Practies Questions</span>
</div>
</td>
</tr>
<tr class="tag-test-status" status="fail">
<td><span class="badge log fail-bg">Fail</span></td>
<td>09:54:50 AM</td>
<td>
<a href="#" class="linked" test-id='31' id='131'>When User click on Question1 its navigate to tryeditor page</a>
<div class="">
<span class="badge badge-default">Evaluate arrays module.User is able to navigate to tryeditor page and run invalid python code.When User click on Question1 its navigate to tryeditor page</span>
</div>
</td>
</tr>
<tr class="tag-test-status" status="fail">
<td><span class="badge log fail-bg">Fail</span></td>
<td>09:54:55 AM</td>
<td>
<a href="#" class="linked" test-id='31' id='141'>When User click on Question2 its navigate to tryeditor page</a>
<div class="">
<span class="badge badge-default">Evaluate arrays module.User is able to navigate to tryeditor page and run valid python code.When User click on Question2 its navigate to tryeditor page</span>
</div>
</td>
</tr>
<tr class="tag-test-status" status="fail">
<td><span class="badge log fail-bg">Fail</span></td>
<td>09:55:00 AM</td>
<td>
<a href="#" class="linked" test-id='31' id='151'>When User click on Question2 its navigate to tryeditor page</a>
<div class="">
<span class="badge badge-default">Evaluate arrays module.User is able to navigate to tryeditor page and run invalid python code.When User click on Question2 its navigate to tryeditor page</span>
</div>
</td>
</tr>
<tr class="tag-test-status" status="fail">
<td><span class="badge log fail-bg">Fail</span></td>
<td>09:55:05 AM</td>
<td>
<a href="#" class="linked" test-id='31' id='161'>When User click on Question3 its navigate to tryeditor page</a>
<div class="">
<span class="badge badge-default">Evaluate arrays module.User is able to navigate to tryeditor page and run valid python code.When User click on Question3 its navigate to tryeditor page</span>
</div>
</td>
</tr>
<tr class="tag-test-status" status="fail">
<td><span class="badge log fail-bg">Fail</span></td>
<td>09:55:10 AM</td>
<td>
<a href="#" class="linked" test-id='31' id='171'>When User click on Question3 its navigate to tryeditor page</a>
<div class="">
<span class="badge badge-default">Evaluate arrays module.User is able to navigate to tryeditor page and run invalid python code.When User click on Question3 its navigate to tryeditor page</span>
</div>
</td>
</tr>
<tr class="tag-test-status" status="fail">
<td><span class="badge log fail-bg">Fail</span></td>
<td>09:55:16 AM</td>
<td>
<a href="#" class="linked" test-id='31' id='181'>When User click on Question4 its navigate to tryeditor page</a>
<div class="">
<span class="badge badge-default">Evaluate arrays module.User is able to navigate to tryeditor page and run valid python code.When User click on Question4 its navigate to tryeditor page</span>
</div>
</td>
</tr>
<tr class="tag-test-status" status="fail">
<td><span class="badge log fail-bg">Fail</span></td>
<td>09:55:21 AM</td>
<td>
<a href="#" class="linked" test-id='31' id='191'>When User click on Question4 its navigate to tryeditor page</a>
<div class="">
<span class="badge badge-default">Evaluate arrays module.User is able to navigate to tryeditor page and run invalid python code.When User click on Question4 its navigate to tryeditor page</span>
</div>
</td>
</tr>
<tr class="tag-test-status" status="fail">
<td><span class="badge log fail-bg">Fail</span></td>
<td>09:55:26 AM</td>
<td>
<a href="#" class="linked" test-id='197' id='201'>Given user able to click on dropdown</a>
<div class="">
<span class="badge badge-default">user navigate to stack module and able to try Python code both valid and invalid datas.User select Stack module from drop down.Given user able to click on dropdown</span>
</div>
</td>
</tr>
<tr class="tag-test-status" status="fail">
<td><span class="badge log fail-bg">Fail</span></td>
<td>09:55:31 AM</td>
<td>
<a href="#" class="linked" test-id='197' id='209'>Given user click on Try Here button</a>
<div class="">
<span class="badge badge-default">user navigate to stack module and able to try Python code both valid and invalid datas.user try python code after clicked Try here button for validation.Given user click on Try Here button</span>
</div>
</td>
</tr>
<tr class="tag-test-status" status="fail">
<td><span class="badge log fail-bg">Fail</span></td>
<td>09:55:36 AM</td>
<td>
<a href="#" class="linked" test-id='197' id='218'>Given user click on Try Here button</a>
<div class="">
<span class="badge badge-default">user navigate to stack module and able to try Python code both valid and invalid datas.user try python code after clicked Try here button for invalidation.Given user click on Try Here button</span>
</div>
</td>
</tr>
<tr class="tag-test-status" status="fail">
<td><span class="badge log fail-bg">Fail</span></td>
<td>09:55:42 AM</td>
<td>
<a href="#" class="linked" test-id='197' id='227'>Given user select implementation</a>
<div class="">
<span class="badge badge-default">user navigate to stack module and able to try Python code both valid and invalid datas.user try python code after clicked Try here button in implenation page.Given user select implementation</span>
</div>
</td>
</tr>
<tr class="tag-test-status" status="fail">
<td><span class="badge log fail-bg">Fail</span></td>
<td>09:55:47 AM</td>
<td>
<a href="#" class="linked" test-id='197' id='237'>Given user click on Try Here button</a>
<div class="">
<span class="badge badge-default">user navigate to stack module and able to try Python code both valid and invalid datas.user try python code after clicked Try here button in implenetation page.Given user click on Try Here button</span>
</div>
</td>
</tr>
</tbody>
</table>
</div>
</li>
</ul>
</div>
</div>
<div class="test-content scrollable">
<div class="test-content-detail">
<div class="detail-body"></div>
</div>
</div>
</div><div class="test-wrapper row view category-view attributes-view">
<div class="test-list">
<div class="test-list-tools">
<ul class="tools pull-left"><li><a href=""><span class="font-size-14">Category</span></a></li></ul>
<ul class="tools text-right"><li><a href="#"><span class="badge badge-primary">11</span></a></li></ul>
</div>
<div class="test-list-wrapper scrollable">
<ul class="test-list-item">
<li class="test-item">
<div class="test-detail">
<span class="meta">
<span class='badge log badge-danger'>3</span>
</span>
<p class="name">@tag9</p>
<p class="duration text-sm">3 tests</p>
</div>
<div class="test-contents d-none">
<div class="info">
<h4>@tag9</h4>
<span status="fail" class='badge log badge-danger'>3 failed</span>
</div>
<table class='table table-sm mt-4'>
<thead>
<tr>
<th class="status-col">Status</th>
<th class="timestamp-col">Timestamp</th>
<th>TestName</th>
</tr>
</thead>
<tbody>
<tr class="tag-test-status" status="fail">
<td><span class="badge log fail-bg">Fail</span></td>
<td>09:54:13 AM</td>
<td>
<a href="#" class="linked" test-id='31' id='57'>User is able to navigate to tryeditor page and run valid python code</a>
<div class="">
<span class="badge badge-default">Evaluate arrays module.User is able to navigate to tryeditor page and run valid python code</span>
</div>
</td>
</tr>
<tr class="tag-test-status" status="fail">
<td><span class="badge log fail-bg">Fail</span></td>
<td>09:54:18 AM</td>
<td>
<a href="#" class="linked" test-id='31' id='67'>User is able to navigate to tryeditor page and run invalid python code</a>
<div class="">
<span class="badge badge-default">Evaluate arrays module.User is able to navigate to tryeditor page and run invalid python code</span>
</div>
</td>
</tr>
<tr class="tag-test-status" status="fail">
<td><span class="badge log fail-bg">Fail</span></td>
<td>09:55:36 AM</td>
<td>
<a href="#" class="linked" test-id='197' id='215'>user try python code after clicked Try here button for invalidation</a>
<div class="">
<span class="badge badge-default">user navigate to stack module and able to try Python code both valid and invalid datas.user try python code after clicked Try here button for invalidation</span>
</div>
</td>
</tr>
</tbody>
</table>
</div>
</li>
<li class="test-item">
<div class="test-detail">
<span class="meta">
<span class='badge log pass-bg'>4</span>
</span>
<p class="name">@tag6</p>
<p class="duration text-sm">4 tests</p>
</div>
<div class="test-contents d-none">
<div class="info">
<h4>@tag6</h4>
<span status="pass" class='badge log pass-bg'>4 passed</span>
</div>
<table class='table table-sm mt-4'>
<thead>
<tr>
<th class="status-col">Status</th>
<th class="timestamp-col">Timestamp</th>
<th>TestName</th>
</tr>
</thead>
<tbody>
<tr class="tag-test-status" status="pass">
<td><span class="badge log pass-bg">Pass</span></td>
<td>09:53:45 AM</td>
<td>
<a href="#" class="linked" test-id='1' id='3'>User on login page and login with invalid and valid inputs from Excel "Sheet1" and</a>
<div class="">
<span class="badge badge-default">user enter valid and invalid credentials for login.User on login page and login with invalid and valid inputs from Excel "Sheet1" and</span>
</div>
</td>
</tr>
<tr class="tag-test-status" status="pass">
<td><span class="badge log pass-bg">Pass</span></td>
<td>09:53:53 AM</td>
<td>
<a href="#" class="linked" test-id='1' id='10'>User on login page and login with invalid and valid inputs from Excel "Sheet1" and</a>
<div class="">
<span class="badge badge-default">user enter valid and invalid credentials for login.User on login page and login with invalid and valid inputs from Excel "Sheet1" and</span>
</div>
</td>
</tr>
<tr class="tag-test-status" status="pass">
<td><span class="badge log pass-bg">Pass</span></td>
<td>09:53:57 AM</td>
<td>
<a href="#" class="linked" test-id='1' id='17'>User on login page and login with invalid and valid inputs from Excel "Sheet1" and</a>
<div class="">
<span class="badge badge-default">user enter valid and invalid credentials for login.User on login page and login with invalid and valid inputs from Excel "Sheet1" and</span>
</div>
</td>
</tr>
<tr class="tag-test-status" status="pass">
<td><span class="badge log pass-bg">Pass</span></td>
<td>09:54:02 AM</td>
<td>
<a href="#" class="linked" test-id='1' id='24'>User on login page and login with invalid and valid inputs from Excel "Sheet1" and</a>
<div class="">
<span class="badge badge-default">user enter valid and invalid credentials for login.User on login page and login with invalid and valid inputs from Excel "Sheet1" and</span>
</div>
</td>
</tr>
</tbody>
</table>
</div>
</li>
<li class="test-item">
<div class="test-detail">
<span class="meta">
<span class='badge log badge-danger'>2</span>
</span>
<p class="name">@Question4</p>
<p class="duration text-sm">2 tests</p>
</div>
<div class="test-contents d-none">
<div class="info">
<h4>@Question4</h4>
<span status="fail" class='badge log badge-danger'>2 failed</span>
</div>
<table class='table table-sm mt-4'>
<thead>
<tr>
<th class="status-col">Status</th>
<th class="timestamp-col">Timestamp</th>
<th>TestName</th>
</tr>
</thead>
<tbody>
<tr class="tag-test-status" status="fail">
<td><span class="badge log fail-bg">Fail</span></td>
<td>09:55:16 AM</td>
<td>
<a href="#" class="linked" test-id='31' id='178'>User is able to navigate to tryeditor page and run valid python code</a>
<div class="">
<span class="badge badge-default">Evaluate arrays module.User is able to navigate to tryeditor page and run valid python code</span>
</div>
</td>
</tr>
<tr class="tag-test-status" status="fail">
<td><span class="badge log fail-bg">Fail</span></td>
<td>09:55:21 AM</td>
<td>
<a href="#" class="linked" test-id='31' id='188'>User is able to navigate to tryeditor page and run invalid python code</a>
<div class="">
<span class="badge badge-default">Evaluate arrays module.User is able to navigate to tryeditor page and run invalid python code</span>
</div>
</td>
</tr>
</tbody>
</table>
</div>
</li>
<li class="test-item">
<div class="test-detail">
<span class="meta">
<span class='badge log badge-danger'>3</span>
</span>
<p class="name">@tag8</p>
<p class="duration text-sm">3 tests</p>
</div>
<div class="test-contents d-none">
<div class="info">
<h4>@tag8</h4>
<span status="fail" class='badge log badge-danger'>3 failed</span>
</div>
<table class='table table-sm mt-4'>
<thead>
<tr>
<th class="status-col">Status</th>
<th class="timestamp-col">Timestamp</th>
<th>TestName</th>
</tr>
</thead>
<tbody>
<tr class="tag-test-status" status="fail">
<td><span class="badge log fail-bg">Fail</span></td>
<td>09:54:07 AM</td>
<td>
<a href="#" class="linked" test-id='31' id='39'>User is able to navigate to tryeditor page and run valid python code</a>
<div class="">
<span class="badge badge-default">Evaluate arrays module.User is able to navigate to tryeditor page and run valid python code</span>
</div>
</td>
</tr>
<tr class="tag-test-status" status="fail">
<td><span class="badge log fail-bg">Fail</span></td>
<td>09:54:08 AM</td>
<td>
<a href="#" class="linked" test-id='31' id='48'>User is able to navigate to tryeditor page and run invalid python code</a>
<div class="">
<span class="badge badge-default">Evaluate arrays module.User is able to navigate to tryeditor page and run invalid python code</span>
</div>
</td>
</tr>
<tr class="tag-test-status" status="fail">
<td><span class="badge log fail-bg">Fail</span></td>
<td>09:55:31 AM</td>
<td>
<a href="#" class="linked" test-id='197' id='206'>user try python code after clicked Try here button for validation</a>
<div class="">
<span class="badge badge-default">user navigate to stack module and able to try Python code both valid and invalid datas.user try python code after clicked Try here button for validation</span>
</div>
</td>
</tr>
</tbody>
</table>
</div>
</li>
<li class="test-item">
<div class="test-detail">
<span class="meta">
<span class='badge log badge-danger'>3</span>
</span>
<p class="name">@tag10</p>
<p class="duration text-sm">3 tests</p>
</div>
<div class="test-contents d-none">
<div class="info">
<h4>@tag10</h4>
<span status="fail" class='badge log badge-danger'>3 failed</span>
</div>
<table class='table table-sm mt-4'>
<thead>
<tr>
<th class="status-col">Status</th>
<th class="timestamp-col">Timestamp</th>
<th>TestName</th>
</tr>
</thead>
<tbody>
<tr class="tag-test-status" status="fail">
<td><span class="badge log fail-bg">Fail</span></td>
<td>09:54:23 AM</td>
<td>
<a href="#" class="linked" test-id='31' id='77'>User is able to navigate to tryeditor page and run valid python code</a>
<div class="">
<span class="badge badge-default">Evaluate arrays module.User is able to navigate to tryeditor page and run valid python code</span>
</div>
</td>
</tr>
<tr class="tag-test-status" status="fail">
<td><span class="badge log fail-bg">Fail</span></td>
<td>09:54:29 AM</td>
<td>
<a href="#" class="linked" test-id='31' id='87'>User is able to navigate to tryeditor page and run invalid python code</a>
<div class="">
<span class="badge badge-default">Evaluate arrays module.User is able to navigate to tryeditor page and run invalid python code</span>
</div>
</td>
</tr>
<tr class="tag-test-status" status="fail">
<td><span class="badge log fail-bg">Fail</span></td>
<td>09:55:42 AM</td>
<td>
<a href="#" class="linked" test-id='197' id='224'>user try python code after clicked Try here button in implenation page</a>
<div class="">
<span class="badge badge-default">user navigate to stack module and able to try Python code both valid and invalid datas.user try python code after clicked Try here button in implenation page</span>
</div>
</td>
</tr>
</tbody>
</table>
</div>
</li>
<li class="test-item">
<div class="test-detail">
<span class="meta">
<span class='badge log pass-bg'>1</span>
<span class='badge log badge-danger'>16</span>
</span>
<p class="name">@Arrays</p>
<p class="duration text-sm">17 tests</p>
</div>
<div class="test-contents d-none">
<div class="info">
<h4>@Arrays</h4>
<span status="pass" class='badge log pass-bg'>1 passed</span>
<span status="fail" class='badge log badge-danger'>16 failed</span>
</div>
<table class='table table-sm mt-4'>
<thead>
<tr>
<th class="status-col">Status</th>
<th class="timestamp-col">Timestamp</th>
<th>TestName</th>
</tr>
</thead>
<tbody>
<tr class="tag-test-status" status="pass">
<td><span class="badge log pass-bg">Pass</span></td>
<td>09:54:07 AM</td>
<td>
<a href="#" class="linked" test-id='31' id='32'>The user is able to navigate to a page having Arrays in Python Topic</a>
<div class="">
<span class="badge badge-default">Evaluate arrays module.The user is able to navigate to a page having Arrays in Python Topic</span>
</div>
</td>
</tr>
<tr class="tag-test-status" status="fail">
<td><span class="badge log fail-bg">Fail</span></td>
<td>09:54:07 AM</td>
<td>
<a href="#" class="linked" test-id='31' id='39'>User is able to navigate to tryeditor page and run valid python code</a>
<div class="">
<span class="badge badge-default">Evaluate arrays module.User is able to navigate to tryeditor page and run valid python code</span>
</div>
</td>
</tr>
<tr class="tag-test-status" status="fail">
<td><span class="badge log fail-bg">Fail</span></td>
<td>09:54:08 AM</td>
<td>
<a href="#" class="linked" test-id='31' id='48'>User is able to navigate to tryeditor page and run invalid python code</a>
<div class="">
<span class="badge badge-default">Evaluate arrays module.User is able to navigate to tryeditor page and run invalid python code</span>
</div>
</td>
</tr>
<tr class="tag-test-status" status="fail">
<td><span class="badge log fail-bg">Fail</span></td>
<td>09:54:13 AM</td>
<td>
<a href="#" class="linked" test-id='31' id='57'>User is able to navigate to tryeditor page and run valid python code</a>
<div class="">
<span class="badge badge-default">Evaluate arrays module.User is able to navigate to tryeditor page and run valid python code</span>
</div>
</td>
</tr>
<tr class="tag-test-status" status="fail">
<td><span class="badge log fail-bg">Fail</span></td>
<td>09:54:18 AM</td>
<td>
<a href="#" class="linked" test-id='31' id='67'>User is able to navigate to tryeditor page and run invalid python code</a>
<div class="">
<span class="badge badge-default">Evaluate arrays module.User is able to navigate to tryeditor page and run invalid python code</span>
</div>
</td>
</tr>
<tr class="tag-test-status" status="fail">
<td><span class="badge log fail-bg">Fail</span></td>
<td>09:54:23 AM</td>
<td>
<a href="#" class="linked" test-id='31' id='77'>User is able to navigate to tryeditor page and run valid python code</a>
<div class="">
<span class="badge badge-default">Evaluate arrays module.User is able to navigate to tryeditor page and run valid python code</span>
</div>
</td>
</tr>
<tr class="tag-test-status" status="fail">
<td><span class="badge log fail-bg">Fail</span></td>
<td>09:54:29 AM</td>
<td>
<a href="#" class="linked" test-id='31' id='87'>User is able to navigate to tryeditor page and run invalid python code</a>
<div class="">
<span class="badge badge-default">Evaluate arrays module.User is able to navigate to tryeditor page and run invalid python code</span>
</div>
</td>
</tr>
<tr class="tag-test-status" status="fail">
<td><span class="badge log fail-bg">Fail</span></td>
<td>09:54:34 AM</td>
<td>
<a href="#" class="linked" test-id='31' id='97'>User is able to navigate to tryeditor page and run valid python code</a>
<div class="">
<span class="badge badge-default">Evaluate arrays module.User is able to navigate to tryeditor page and run valid python code</span>
</div>
</td>
</tr>
<tr class="tag-test-status" status="fail">
<td><span class="badge log fail-bg">Fail</span></td>
<td>09:54:39 AM</td>
<td>
<a href="#" class="linked" test-id='31' id='107'>User is able to navigate to tryeditor page and run invalid python code</a>
<div class="">
<span class="badge badge-default">Evaluate arrays module.User is able to navigate to tryeditor page and run invalid python code</span>
</div>
</td>
</tr>
<tr class="tag-test-status" status="fail">
<td><span class="badge log fail-bg">Fail</span></td>
<td>09:54:44 AM</td>
<td>
<a href="#" class="linked" test-id='31' id='117'>User is able to navigate to tryeditor page and run valid python code</a>
<div class="">
<span class="badge badge-default">Evaluate arrays module.User is able to navigate to tryeditor page and run valid python code</span>
</div>
</td>
</tr>
<tr class="tag-test-status" status="fail">
<td><span class="badge log fail-bg">Fail</span></td>
<td>09:54:50 AM</td>
<td>
<a href="#" class="linked" test-id='31' id='128'>User is able to navigate to tryeditor page and run invalid python code</a>
<div class="">
<span class="badge badge-default">Evaluate arrays module.User is able to navigate to tryeditor page and run invalid python code</span>
</div>
</td>
</tr>
<tr class="tag-test-status" status="fail">
<td><span class="badge log fail-bg">Fail</span></td>
<td>09:54:55 AM</td>
<td>
<a href="#" class="linked" test-id='31' id='138'>User is able to navigate to tryeditor page and run valid python code</a>
<div class="">
<span class="badge badge-default">Evaluate arrays module.User is able to navigate to tryeditor page and run valid python code</span>
</div>
</td>
</tr>
<tr class="tag-test-status" status="fail">
<td><span class="badge log fail-bg">Fail</span></td>
<td>09:55:00 AM</td>
<td>
<a href="#" class="linked" test-id='31' id='148'>User is able to navigate to tryeditor page and run invalid python code</a>
<div class="">
<span class="badge badge-default">Evaluate arrays module.User is able to navigate to tryeditor page and run invalid python code</span>
</div>
</td>
</tr>
<tr class="tag-test-status" status="fail">
<td><span class="badge log fail-bg">Fail</span></td>
<td>09:55:05 AM</td>
<td>
<a href="#" class="linked" test-id='31' id='158'>User is able to navigate to tryeditor page and run valid python code</a>
<div class="">
<span class="badge badge-default">Evaluate arrays module.User is able to navigate to tryeditor page and run valid python code</span>
</div>
</td>
</tr>
<tr class="tag-test-status" status="fail">
<td><span class="badge log fail-bg">Fail</span></td>
<td>09:55:10 AM</td>
<td>
<a href="#" class="linked" test-id='31' id='168'>User is able to navigate to tryeditor page and run invalid python code</a>
<div class="">
<span class="badge badge-default">Evaluate arrays module.User is able to navigate to tryeditor page and run invalid python code</span>
</div>
</td>
</tr>
<tr class="tag-test-status" status="fail">
<td><span class="badge log fail-bg">Fail</span></td>
<td>09:55:16 AM</td>
<td>
<a href="#" class="linked" test-id='31' id='178'>User is able to navigate to tryeditor page and run valid python code</a>
<div class="">
<span class="badge badge-default">Evaluate arrays module.User is able to navigate to tryeditor page and run valid python code</span>
</div>
</td>
</tr>
<tr class="tag-test-status" status="fail">
<td><span class="badge log fail-bg">Fail</span></td>
<td>09:55:21 AM</td>
<td>
<a href="#" class="linked" test-id='31' id='188'>User is able to navigate to tryeditor page and run invalid python code</a>
<div class="">
<span class="badge badge-default">Evaluate arrays module.User is able to navigate to tryeditor page and run invalid python code</span>
</div>
</td>
</tr>
</tbody>
</table>
</div>
</li>
<li class="test-item">
<div class="test-detail">
<span class="meta">
<span class='badge log pass-bg'>1</span>
<span class='badge log badge-danger'>1</span>
</span>
<p class="name">@tag7</p>
<p class="duration text-sm">2 tests</p>
</div>
<div class="test-contents d-none">
<div class="info">
<h4>@tag7</h4>
<span status="pass" class='badge log pass-bg'>1 passed</span>
<span status="fail" class='badge log badge-danger'>1 failed</span>
</div>
<table class='table table-sm mt-4'>
<thead>
<tr>
<th class="status-col">Status</th>
<th class="timestamp-col">Timestamp</th>
<th>TestName</th>
</tr>
</thead>
<tbody>
<tr class="tag-test-status" status="pass">
<td><span class="badge log pass-bg">Pass</span></td>
<td>09:54:07 AM</td>
<td>
<a href="#" class="linked" test-id='31' id='32'>The user is able to navigate to a page having Arrays in Python Topic</a>
<div class="">
<span class="badge badge-default">Evaluate arrays module.The user is able to navigate to a page having Arrays in Python Topic</span>
</div>
</td>
</tr>
<tr class="tag-test-status" status="fail">
<td><span class="badge log fail-bg">Fail</span></td>
<td>09:55:26 AM</td>
<td>
<a href="#" class="linked" test-id='197' id='198'>User select Stack module from drop down</a>
<div class="">
<span class="badge badge-default">user navigate to stack module and able to try Python code both valid and invalid datas.User select Stack module from drop down</span>
</div>
</td>
</tr>
</tbody>
</table>
</div>
</li>
<li class="test-item">
<div class="test-detail">
<span class="meta">
<span class='badge log badge-danger'>2</span>
</span>
<p class="name">@Question1</p>
<p class="duration text-sm">2 tests</p>
</div>
<div class="test-contents d-none">
<div class="info">
<h4>@Question1</h4>
<span status="fail" class='badge log badge-danger'>2 failed</span>
</div>
<table class='table table-sm mt-4'>
<thead>
<tr>
<th class="status-col">Status</th>
<th class="timestamp-col">Timestamp</th>
<th>TestName</th>
</tr>
</thead>
<tbody>
<tr class="tag-test-status" status="fail">
<td><span class="badge log fail-bg">Fail</span></td>
<td>09:54:44 AM</td>
<td>
<a href="#" class="linked" test-id='31' id='117'>User is able to navigate to tryeditor page and run valid python code</a>
<div class="">
<span class="badge badge-default">Evaluate arrays module.User is able to navigate to tryeditor page and run valid python code</span>
</div>
</td>
</tr>
<tr class="tag-test-status" status="fail">
<td><span class="badge log fail-bg">Fail</span></td>
<td>09:54:50 AM</td>
<td>
<a href="#" class="linked" test-id='31' id='128'>User is able to navigate to tryeditor page and run invalid python code</a>
<div class="">
<span class="badge badge-default">Evaluate arrays module.User is able to navigate to tryeditor page and run invalid python code</span>
</div>
</td>
</tr>
</tbody>
</table>
</div>
</li>
<li class="test-item">
<div class="test-detail">
<span class="meta">
<span class='badge log badge-danger'>2</span>
</span>
<p class="name">@Question2</p>
<p class="duration text-sm">2 tests</p>
</div>
<div class="test-contents d-none">
<div class="info">
<h4>@Question2</h4>
<span status="fail" class='badge log badge-danger'>2 failed</span>
</div>
<table class='table table-sm mt-4'>
<thead>
<tr>
<th class="status-col">Status</th>
<th class="timestamp-col">Timestamp</th>
<th>TestName</th>
</tr>
</thead>
<tbody>
<tr class="tag-test-status" status="fail">
<td><span class="badge log fail-bg">Fail</span></td>
<td>09:54:55 AM</td>
<td>
<a href="#" class="linked" test-id='31' id='138'>User is able to navigate to tryeditor page and run valid python code</a>
<div class="">
<span class="badge badge-default">Evaluate arrays module.User is able to navigate to tryeditor page and run valid python code</span>
</div>
</td>
</tr>
<tr class="tag-test-status" status="fail">
<td><span class="badge log fail-bg">Fail</span></td>
<td>09:55:00 AM</td>
<td>
<a href="#" class="linked" test-id='31' id='148'>User is able to navigate to tryeditor page and run invalid python code</a>
<div class="">
<span class="badge badge-default">Evaluate arrays module.User is able to navigate to tryeditor page and run invalid python code</span>
</div>
</td>
</tr>
</tbody>
</table>
</div>
</li>
<li class="test-item">
<div class="test-detail">
<span class="meta">
<span class='badge log badge-danger'>3</span>
</span>
<p class="name">@tag11</p>
<p class="duration text-sm">3 tests</p>
</div>
<div class="test-contents d-none">
<div class="info">
<h4>@tag11</h4>
<span status="fail" class='badge log badge-danger'>3 failed</span>
</div>
<table class='table table-sm mt-4'>
<thead>
<tr>
<th class="status-col">Status</th>
<th class="timestamp-col">Timestamp</th>
<th>TestName</th>
</tr>
</thead>
<tbody>
<tr class="tag-test-status" status="fail">
<td><span class="badge log fail-bg">Fail</span></td>
<td>09:54:34 AM</td>
<td>
<a href="#" class="linked" test-id='31' id='97'>User is able to navigate to tryeditor page and run valid python code</a>
<div class="">
<span class="badge badge-default">Evaluate arrays module.User is able to navigate to tryeditor page and run valid python code</span>
</div>
</td>
</tr>
<tr class="tag-test-status" status="fail">
<td><span class="badge log fail-bg">Fail</span></td>
<td>09:54:39 AM</td>
<td>
<a href="#" class="linked" test-id='31' id='107'>User is able to navigate to tryeditor page and run invalid python code</a>
<div class="">
<span class="badge badge-default">Evaluate arrays module.User is able to navigate to tryeditor page and run invalid python code</span>
</div>
</td>
</tr>
<tr class="tag-test-status" status="fail">
<td><span class="badge log fail-bg">Fail</span></td>
<td>09:55:47 AM</td>
<td>
<a href="#" class="linked" test-id='197' id='234'>user try python code after clicked Try here button in implenetation page</a>
<div class="">
<span class="badge badge-default">user navigate to stack module and able to try Python code both valid and invalid datas.user try python code after clicked Try here button in implenetation page</span>
</div>
</td>
</tr>
</tbody>
</table>
</div>
</li>
<li class="test-item">
<div class="test-detail">
<span class="meta">
<span class='badge log badge-danger'>2</span>
</span>
<p class="name">@Question3</p>
<p class="duration text-sm">2 tests</p>
</div>
<div class="test-contents d-none">
<div class="info">
<h4>@Question3</h4>
<span status="fail" class='badge log badge-danger'>2 failed</span>
</div>
<table class='table table-sm mt-4'>
<thead>
<tr>
<th class="status-col">Status</th>
<th class="timestamp-col">Timestamp</th>
<th>TestName</th>
</tr>
</thead>
<tbody>
<tr class="tag-test-status" status="fail">
<td><span class="badge log fail-bg">Fail</span></td>
<td>09:55:05 AM</td>
<td>
<a href="#" class="linked" test-id='31' id='158'>User is able to navigate to tryeditor page and run valid python code</a>
<div class="">
<span class="badge badge-default">Evaluate arrays module.User is able to navigate to tryeditor page and run valid python code</span>
</div>
</td>
</tr>
<tr class="tag-test-status" status="fail">
<td><span class="badge log fail-bg">Fail</span></td>
<td>09:55:10 AM</td>
<td>
<a href="#" class="linked" test-id='31' id='168'>User is able to navigate to tryeditor page and run invalid python code</a>
<div class="">
<span class="badge badge-default">Evaluate arrays module.User is able to navigate to tryeditor page and run invalid python code</span>
</div>
</td>
</tr>
</tbody>
</table>
</div>
</li>
</ul>
</div>
</div>
<div class="test-content scrollable">
<div class="test-content-detail">
<div class="detail-body"></div>
</div>
</div>
</div><div class="container-fluid p-4 view dashboard-view">
<div class="row">
<div class="col-md-3">
<div class="card"><div class="card-body">
<p class="m-b-0">Started</p>
<h3>May 2, 2023 09:53:44 AM</h3>
</div></div>
</div>
<div class="col-md-3">
<div class="card"><div class="card-body">
<p class="m-b-0">Ended</p>
<h3>May 2, 2023 09:55:52 AM</h3>
</div></div>
</div>
<div class="col-md-3">
<div class="card"><div class="card-body">
<p class="m-b-0 text-pass">Features Passed</p>
<h3>1</h3>
</div></div>
</div>
<div class="col-md-3">
<div class="card"><div class="card-body">
<p class="m-b-0 text-fail">Features Failed</p>
<h3>2</h3>
</div></div>
</div>
</div>
<div class="row">
<div class="col-md-4">
<div class="card">
<div class="card-header">
<h6 class="card-title">Features</h6>
</div>
<div class="card-body">
<div class="">
<canvas id='parent-analysis' width='115' height='90'></canvas>
</div>
</div>
<div class="card-footer">
<div><small data-tooltip='33%'>
<b>1</b> features passed
</small>
</div>
<div>
<small data-tooltip='66%'><b>2</b> features failed,
<b>0</b> skipped, <b data-tooltip='0%'>0</b> others
</small>
</div>
</div>
</div>
</div>
<div class="col-md-4">
<div class="card">
<div class="card-header">
<h6 class="card-title">Scenarios</h6>
</div>
<div class="card-body">
<div class="">
<canvas id='child-analysis' width='115' height='90'></canvas>
</div>
</div>
<div class="card-footer">
<div><small data-tooltip='19%'><b>5</b> scenarios passed</small></div>
<div>
<small data-tooltip='80%'><b>21</b> scenarios failed,
<b>0</b> skipped, <b data-tooltip='%'>0</b> others
</small>
</div>
</div>
</div>
</div>
<div class="col-md-4">
<div class="card">
<div class="card-header">
<h6 class="card-title">Steps</h6>
</div>
<div class="card-body">
<div class="">
<canvas id='grandchild-analysis' width='115' height='90'></canvas>
</div>
</div>
<div class="card-footer">
<div><small data-tooltip='26%'><b>36</b> steps passed</small></div>
<div>
<small data-tooltip='15%'><b>21</b> steps failed,
<b>77</b> skipped, <b data-tooltip='%'>0</b> others
</small>
</div>
</div>
</div>
</div>
</div>
<div class="row"><div class="col-md-12">
<div class="card"><div class="card-header"><p>Timeline</p></div>
<div class="card-body pt-0"><div>
<canvas id="timeline" height="120"></canvas>
</div></div>
</div>
</div></div>
<script>
var timeline = {
"user enter valid and invalid credentials for login":22.16,"Evaluate arrays module":79.067,"user navigate to stack module and able to try Python code both valid and invalid datas":25.974
};
</script>
<div class="row">
<div class="col-lg-6 col-md-12 category-container">
<div class="card">
<div class="card-header"><p>Tags</p></div>
<div class="card-body pb-0 pt-0"><table class="table table-sm table-bordered">
<thead><tr class="bg-gray"><th>Name</th><th>Passed</th><th>Failed</th><th>Skipped</th><th>Others</th><th>Passed %</th></tr></thead><tbody>
<tr>
<td>@tag9</td>
<td>0</td>
<td>3</td>
<td>0</td>
<td>0</td>
<td>0%</td>
</tr>
<tr>
<td>@tag6</td>
<td>4</td>
<td>0</td>
<td>0</td>
<td>0</td>
<td>100%</td>
</tr>
<tr>
<td>@Question4</td>
<td>0</td>
<td>2</td>
<td>0</td>
<td>0</td>
<td>0%</td>
</tr>
<tr>
<td>@tag8</td>
<td>0</td>
<td>3</td>
<td>0</td>
<td>0</td>
<td>0%</td>
</tr>
<tr>
<td>@tag10</td>
<td>0</td>
<td>3</td>
<td>0</td>
<td>0</td>
<td>0%</td>
</tr>
<tr>
<td>@Arrays</td>
<td>1</td>
<td>16</td>
<td>0</td>
<td>0</td>
<td>5.882%</td>
</tr>
<tr>
<td>@tag7</td>
<td>1</td>
<td>1</td>
<td>0</td>
<td>0</td>
<td>50%</td>
</tr>
<tr>
<td>@Question1</td>
<td>0</td>
<td>2</td>
<td>0</td>
<td>0</td>
<td>0%</td>
</tr>
<tr>
<td>@Question2</td>
<td>0</td>
<td>2</td>
<td>0</td>
<td>0</td>
<td>0%</td>
</tr>
<tr>
<td>@tag11</td>
<td>0</td>
<td>3</td>
<td>0</td>
<td>0</td>
<td>0%</td>
</tr>
<tr>
<td>@Question3</td>
<td>0</td>
<td>2</td>
<td>0</td>
<td>0</td>
<td>0%</td>
</tr>
</tbody>
</table></div>
</div>
</div>
<div class="col-lg-6 col-md-12 sysenv-container">
<div class="card">
<div class="card-header"><p>System/Environment</p></div>
<div class="card-body pb-0 pt-0"><table class="table table-sm table-bordered">
<thead><tr class="bg-gray"><th>Name</th><th>Value</th></tr></thead>
<tbody>
<tr>
<td>user</td>
<td>SANGEETHA</td>
</tr>
<tr>
<td>project</td>
<td>DS-Algo109</td>
</tr>
<tr>
<td>Browser</td>
<td>GoogleChrome</td>
</tr>
<tr>
<td>os</td>
<td>windows</td>
</tr>
</tbody>
</table></div>
</div>
</div>
</div>
</div>
<script>
var statusGroup = {
parentCount: 5,
passParent: 1,
failParent: 2,
warningParent: 0,
skipParent: 0,
childCount: 5,
passChild: 5,
failChild: 21,
warningChild: 0,
skipChild: 0,
infoChild: 0,
grandChildCount: 5,
passGrandChild: 36,
failGrandChild: 21,
warningGrandChild: 0,
skipGrandChild: 77,
infoGrandChild: 0,
eventsCount: 5,
};
</script>        </div>
      </div>
    </div>
  </div>
<script src="https://cdn.jsdelivr.net/gh/extent-framework/extent-github-cdn@d6562a79075e061305ccfdb82f01e5e195e2d307/spark/js/spark-script.js"></script>
<script type="text/javascript"></script></body>
</html>